

Started GET "/assets/rails.png" for 10.0.0.20 at 2015-11-21 00:22:23 -0700
Connecting to database specified by database.yml

PG::ConnectionBad (FATAL:  database "spark_development" does not exist
):
  activerecord (3.2.21) lib/active_record/connection_adapters/postgresql_adapter.rb:1222:in `initialize'
  activerecord (3.2.21) lib/active_record/connection_adapters/postgresql_adapter.rb:1222:in `new'
  activerecord (3.2.21) lib/active_record/connection_adapters/postgresql_adapter.rb:1222:in `connect'
  activerecord (3.2.21) lib/active_record/connection_adapters/postgresql_adapter.rb:324:in `initialize'
  activerecord (3.2.21) lib/active_record/connection_adapters/postgresql_adapter.rb:28:in `new'
  activerecord (3.2.21) lib/active_record/connection_adapters/postgresql_adapter.rb:28:in `postgresql_connection'
  activerecord (3.2.21) lib/active_record/connection_adapters/abstract/connection_pool.rb:315:in `new_connection'
  activerecord (3.2.21) lib/active_record/connection_adapters/abstract/connection_pool.rb:325:in `checkout_new_connection'
  activerecord (3.2.21) lib/active_record/connection_adapters/abstract/connection_pool.rb:247:in `block (2 levels) in checkout'
  activerecord (3.2.21) lib/active_record/connection_adapters/abstract/connection_pool.rb:242:in `loop'
  activerecord (3.2.21) lib/active_record/connection_adapters/abstract/connection_pool.rb:242:in `block in checkout'
  /home/odroid/.rvm/rubies/ruby-2.2.1/lib/ruby/2.2.0/monitor.rb:211:in `mon_synchronize'
  activerecord (3.2.21) lib/active_record/connection_adapters/abstract/connection_pool.rb:239:in `checkout'
  activerecord (3.2.21) lib/active_record/connection_adapters/abstract/connection_pool.rb:102:in `block in connection'
  /home/odroid/.rvm/rubies/ruby-2.2.1/lib/ruby/2.2.0/monitor.rb:211:in `mon_synchronize'
  activerecord (3.2.21) lib/active_record/connection_adapters/abstract/connection_pool.rb:101:in `connection'
  activerecord (3.2.21) lib/active_record/connection_adapters/abstract/connection_pool.rb:410:in `retrieve_connection'
  activerecord (3.2.21) lib/active_record/connection_adapters/abstract/connection_specification.rb:171:in `retrieve_connection'
  activerecord (3.2.21) lib/active_record/connection_adapters/abstract/connection_specification.rb:145:in `connection'
  activerecord (3.2.21) lib/active_record/query_cache.rb:67:in `rescue in call'
  activerecord (3.2.21) lib/active_record/query_cache.rb:61:in `call'
  activerecord (3.2.21) lib/active_record/connection_adapters/abstract/connection_pool.rb:479:in `call'
  actionpack (3.2.21) lib/action_dispatch/middleware/callbacks.rb:28:in `block in call'
  activesupport (3.2.21) lib/active_support/callbacks.rb:405:in `_run__287641727__call__733207511__callbacks'
  activesupport (3.2.21) lib/active_support/callbacks.rb:405:in `__run_callback'
  activesupport (3.2.21) lib/active_support/callbacks.rb:385:in `_run_call_callbacks'
  activesupport (3.2.21) lib/active_support/callbacks.rb:81:in `run_callbacks'
  actionpack (3.2.21) lib/action_dispatch/middleware/callbacks.rb:27:in `call'
  actionpack (3.2.21) lib/action_dispatch/middleware/reloader.rb:65:in `call'
  actionpack (3.2.21) lib/action_dispatch/middleware/remote_ip.rb:31:in `call'
  actionpack (3.2.21) lib/action_dispatch/middleware/debug_exceptions.rb:16:in `call'
  actionpack (3.2.21) lib/action_dispatch/middleware/show_exceptions.rb:56:in `call'
  railties (3.2.21) lib/rails/rack/logger.rb:32:in `call_app'
  railties (3.2.21) lib/rails/rack/logger.rb:16:in `block in call'
  activesupport (3.2.21) lib/active_support/tagged_logging.rb:22:in `tagged'
  railties (3.2.21) lib/rails/rack/logger.rb:16:in `call'
  actionpack (3.2.21) lib/action_dispatch/middleware/request_id.rb:22:in `call'
  rack (1.4.7) lib/rack/methodoverride.rb:21:in `call'
  rack (1.4.7) lib/rack/runtime.rb:17:in `call'
  activesupport (3.2.21) lib/active_support/cache/strategy/local_cache.rb:72:in `call'
  rack (1.4.7) lib/rack/lock.rb:15:in `call'
  actionpack (3.2.21) lib/action_dispatch/middleware/static.rb:83:in `call'
  railties (3.2.21) lib/rails/engine.rb:484:in `call'
  railties (3.2.21) lib/rails/application.rb:231:in `call'
  rack (1.4.7) lib/rack/content_length.rb:14:in `call'
  railties (3.2.21) lib/rails/rack/log_tailer.rb:17:in `call'
  rack (1.4.7) lib/rack/handler/webrick.rb:59:in `service'
  /home/odroid/.rvm/rubies/ruby-2.2.1/lib/ruby/2.2.0/webrick/httpserver.rb:138:in `service'
  /home/odroid/.rvm/rubies/ruby-2.2.1/lib/ruby/2.2.0/webrick/httpserver.rb:94:in `run'
  /home/odroid/.rvm/rubies/ruby-2.2.1/lib/ruby/2.2.0/webrick/server.rb:294:in `block in start_thread'


  Rendered /home/odroid/.rvm/gems/ruby-2.2.1/gems/actionpack-3.2.21/lib/action_dispatch/middleware/templates/rescues/_trace.erb (7.0ms)
  Rendered /home/odroid/.rvm/gems/ruby-2.2.1/gems/actionpack-3.2.21/lib/action_dispatch/middleware/templates/rescues/_request_and_response.erb (8.7ms)
  Rendered /home/odroid/.rvm/gems/ruby-2.2.1/gems/actionpack-3.2.21/lib/action_dispatch/middleware/templates/rescues/diagnostics.erb within rescues/layout (51.4ms)


Started GET "/assets/rails.png" for 10.0.0.20 at 2015-11-21 00:23:08 -0700

PG::ConnectionBad (FATAL:  database "spark_development" does not exist
):
  activerecord (3.2.21) lib/active_record/connection_adapters/postgresql_adapter.rb:1222:in `initialize'
  activerecord (3.2.21) lib/active_record/connection_adapters/postgresql_adapter.rb:1222:in `new'
  activerecord (3.2.21) lib/active_record/connection_adapters/postgresql_adapter.rb:1222:in `connect'
  activerecord (3.2.21) lib/active_record/connection_adapters/postgresql_adapter.rb:324:in `initialize'
  activerecord (3.2.21) lib/active_record/connection_adapters/postgresql_adapter.rb:28:in `new'
  activerecord (3.2.21) lib/active_record/connection_adapters/postgresql_adapter.rb:28:in `postgresql_connection'
  activerecord (3.2.21) lib/active_record/connection_adapters/abstract/connection_pool.rb:315:in `new_connection'
  activerecord (3.2.21) lib/active_record/connection_adapters/abstract/connection_pool.rb:325:in `checkout_new_connection'
  activerecord (3.2.21) lib/active_record/connection_adapters/abstract/connection_pool.rb:247:in `block (2 levels) in checkout'
  activerecord (3.2.21) lib/active_record/connection_adapters/abstract/connection_pool.rb:242:in `loop'
  activerecord (3.2.21) lib/active_record/connection_adapters/abstract/connection_pool.rb:242:in `block in checkout'
  /home/odroid/.rvm/rubies/ruby-2.2.1/lib/ruby/2.2.0/monitor.rb:211:in `mon_synchronize'
  activerecord (3.2.21) lib/active_record/connection_adapters/abstract/connection_pool.rb:239:in `checkout'
  activerecord (3.2.21) lib/active_record/connection_adapters/abstract/connection_pool.rb:102:in `block in connection'
  /home/odroid/.rvm/rubies/ruby-2.2.1/lib/ruby/2.2.0/monitor.rb:211:in `mon_synchronize'
  activerecord (3.2.21) lib/active_record/connection_adapters/abstract/connection_pool.rb:101:in `connection'
  activerecord (3.2.21) lib/active_record/connection_adapters/abstract/connection_pool.rb:410:in `retrieve_connection'
  activerecord (3.2.21) lib/active_record/connection_adapters/abstract/connection_specification.rb:171:in `retrieve_connection'
  activerecord (3.2.21) lib/active_record/connection_adapters/abstract/connection_specification.rb:145:in `connection'
  activerecord (3.2.21) lib/active_record/query_cache.rb:67:in `rescue in call'
  activerecord (3.2.21) lib/active_record/query_cache.rb:61:in `call'
  activerecord (3.2.21) lib/active_record/connection_adapters/abstract/connection_pool.rb:479:in `call'
  actionpack (3.2.21) lib/action_dispatch/middleware/callbacks.rb:28:in `block in call'
  activesupport (3.2.21) lib/active_support/callbacks.rb:405:in `_run__287641727__call__733207511__callbacks'
  activesupport (3.2.21) lib/active_support/callbacks.rb:405:in `__run_callback'
  activesupport (3.2.21) lib/active_support/callbacks.rb:385:in `_run_call_callbacks'
  activesupport (3.2.21) lib/active_support/callbacks.rb:81:in `run_callbacks'
  actionpack (3.2.21) lib/action_dispatch/middleware/callbacks.rb:27:in `call'
  actionpack (3.2.21) lib/action_dispatch/middleware/reloader.rb:65:in `call'
  actionpack (3.2.21) lib/action_dispatch/middleware/remote_ip.rb:31:in `call'
  actionpack (3.2.21) lib/action_dispatch/middleware/debug_exceptions.rb:16:in `call'
  actionpack (3.2.21) lib/action_dispatch/middleware/show_exceptions.rb:56:in `call'
  railties (3.2.21) lib/rails/rack/logger.rb:32:in `call_app'
  railties (3.2.21) lib/rails/rack/logger.rb:16:in `block in call'
  activesupport (3.2.21) lib/active_support/tagged_logging.rb:22:in `tagged'
  railties (3.2.21) lib/rails/rack/logger.rb:16:in `call'
  actionpack (3.2.21) lib/action_dispatch/middleware/request_id.rb:22:in `call'
  rack (1.4.7) lib/rack/methodoverride.rb:21:in `call'
  rack (1.4.7) lib/rack/runtime.rb:17:in `call'
  activesupport (3.2.21) lib/active_support/cache/strategy/local_cache.rb:72:in `call'
  rack (1.4.7) lib/rack/lock.rb:15:in `call'
  actionpack (3.2.21) lib/action_dispatch/middleware/static.rb:83:in `call'
  railties (3.2.21) lib/rails/engine.rb:484:in `call'
  railties (3.2.21) lib/rails/application.rb:231:in `call'
  rack (1.4.7) lib/rack/content_length.rb:14:in `call'
  railties (3.2.21) lib/rails/rack/log_tailer.rb:17:in `call'
  rack (1.4.7) lib/rack/handler/webrick.rb:59:in `service'
  /home/odroid/.rvm/rubies/ruby-2.2.1/lib/ruby/2.2.0/webrick/httpserver.rb:138:in `service'
  /home/odroid/.rvm/rubies/ruby-2.2.1/lib/ruby/2.2.0/webrick/httpserver.rb:94:in `run'
  /home/odroid/.rvm/rubies/ruby-2.2.1/lib/ruby/2.2.0/webrick/server.rb:294:in `block in start_thread'


  Rendered /home/odroid/.rvm/gems/ruby-2.2.1/gems/actionpack-3.2.21/lib/action_dispatch/middleware/templates/rescues/_trace.erb (6.7ms)
  Rendered /home/odroid/.rvm/gems/ruby-2.2.1/gems/actionpack-3.2.21/lib/action_dispatch/middleware/templates/rescues/_request_and_response.erb (4.6ms)
  Rendered /home/odroid/.rvm/gems/ruby-2.2.1/gems/actionpack-3.2.21/lib/action_dispatch/middleware/templates/rescues/diagnostics.erb within rescues/layout (38.5ms)


Started GET "/assets/rails.png" for 10.0.0.20 at 2015-11-21 00:23:26 -0700
Connecting to database specified by database.yml

PG::ConnectionBad (FATAL:  database "spark_development" does not exist
):
  activerecord (3.2.21) lib/active_record/connection_adapters/postgresql_adapter.rb:1222:in `initialize'
  activerecord (3.2.21) lib/active_record/connection_adapters/postgresql_adapter.rb:1222:in `new'
  activerecord (3.2.21) lib/active_record/connection_adapters/postgresql_adapter.rb:1222:in `connect'
  activerecord (3.2.21) lib/active_record/connection_adapters/postgresql_adapter.rb:324:in `initialize'
  activerecord (3.2.21) lib/active_record/connection_adapters/postgresql_adapter.rb:28:in `new'
  activerecord (3.2.21) lib/active_record/connection_adapters/postgresql_adapter.rb:28:in `postgresql_connection'
  activerecord (3.2.21) lib/active_record/connection_adapters/abstract/connection_pool.rb:315:in `new_connection'
  activerecord (3.2.21) lib/active_record/connection_adapters/abstract/connection_pool.rb:325:in `checkout_new_connection'
  activerecord (3.2.21) lib/active_record/connection_adapters/abstract/connection_pool.rb:247:in `block (2 levels) in checkout'
  activerecord (3.2.21) lib/active_record/connection_adapters/abstract/connection_pool.rb:242:in `loop'
  activerecord (3.2.21) lib/active_record/connection_adapters/abstract/connection_pool.rb:242:in `block in checkout'
  /home/odroid/.rvm/rubies/ruby-2.2.1/lib/ruby/2.2.0/monitor.rb:211:in `mon_synchronize'
  activerecord (3.2.21) lib/active_record/connection_adapters/abstract/connection_pool.rb:239:in `checkout'
  activerecord (3.2.21) lib/active_record/connection_adapters/abstract/connection_pool.rb:102:in `block in connection'
  /home/odroid/.rvm/rubies/ruby-2.2.1/lib/ruby/2.2.0/monitor.rb:211:in `mon_synchronize'
  activerecord (3.2.21) lib/active_record/connection_adapters/abstract/connection_pool.rb:101:in `connection'
  activerecord (3.2.21) lib/active_record/connection_adapters/abstract/connection_pool.rb:410:in `retrieve_connection'
  activerecord (3.2.21) lib/active_record/connection_adapters/abstract/connection_specification.rb:171:in `retrieve_connection'
  activerecord (3.2.21) lib/active_record/connection_adapters/abstract/connection_specification.rb:145:in `connection'
  activerecord (3.2.21) lib/active_record/query_cache.rb:67:in `rescue in call'
  activerecord (3.2.21) lib/active_record/query_cache.rb:61:in `call'
  activerecord (3.2.21) lib/active_record/connection_adapters/abstract/connection_pool.rb:479:in `call'
  actionpack (3.2.21) lib/action_dispatch/middleware/callbacks.rb:28:in `block in call'
  activesupport (3.2.21) lib/active_support/callbacks.rb:405:in `_run__54070233__call__41699647__callbacks'
  activesupport (3.2.21) lib/active_support/callbacks.rb:405:in `__run_callback'
  activesupport (3.2.21) lib/active_support/callbacks.rb:385:in `_run_call_callbacks'
  activesupport (3.2.21) lib/active_support/callbacks.rb:81:in `run_callbacks'
  actionpack (3.2.21) lib/action_dispatch/middleware/callbacks.rb:27:in `call'
  actionpack (3.2.21) lib/action_dispatch/middleware/reloader.rb:65:in `call'
  actionpack (3.2.21) lib/action_dispatch/middleware/remote_ip.rb:31:in `call'
  actionpack (3.2.21) lib/action_dispatch/middleware/debug_exceptions.rb:16:in `call'
  actionpack (3.2.21) lib/action_dispatch/middleware/show_exceptions.rb:56:in `call'
  railties (3.2.21) lib/rails/rack/logger.rb:32:in `call_app'
  railties (3.2.21) lib/rails/rack/logger.rb:16:in `block in call'
  activesupport (3.2.21) lib/active_support/tagged_logging.rb:22:in `tagged'
  railties (3.2.21) lib/rails/rack/logger.rb:16:in `call'
  actionpack (3.2.21) lib/action_dispatch/middleware/request_id.rb:22:in `call'
  rack (1.4.7) lib/rack/methodoverride.rb:21:in `call'
  rack (1.4.7) lib/rack/runtime.rb:17:in `call'
  activesupport (3.2.21) lib/active_support/cache/strategy/local_cache.rb:72:in `call'
  rack (1.4.7) lib/rack/lock.rb:15:in `call'
  actionpack (3.2.21) lib/action_dispatch/middleware/static.rb:83:in `call'
  railties (3.2.21) lib/rails/engine.rb:484:in `call'
  railties (3.2.21) lib/rails/application.rb:231:in `call'
  rack (1.4.7) lib/rack/content_length.rb:14:in `call'
  railties (3.2.21) lib/rails/rack/log_tailer.rb:17:in `call'
  rack (1.4.7) lib/rack/handler/webrick.rb:59:in `service'
  /home/odroid/.rvm/rubies/ruby-2.2.1/lib/ruby/2.2.0/webrick/httpserver.rb:138:in `service'
  /home/odroid/.rvm/rubies/ruby-2.2.1/lib/ruby/2.2.0/webrick/httpserver.rb:94:in `run'
  /home/odroid/.rvm/rubies/ruby-2.2.1/lib/ruby/2.2.0/webrick/server.rb:294:in `block in start_thread'


  Rendered /home/odroid/.rvm/gems/ruby-2.2.1/gems/actionpack-3.2.21/lib/action_dispatch/middleware/templates/rescues/_trace.erb (6.5ms)
  Rendered /home/odroid/.rvm/gems/ruby-2.2.1/gems/actionpack-3.2.21/lib/action_dispatch/middleware/templates/rescues/_request_and_response.erb (7.9ms)
  Rendered /home/odroid/.rvm/gems/ruby-2.2.1/gems/actionpack-3.2.21/lib/action_dispatch/middleware/templates/rescues/diagnostics.erb within rescues/layout (45.2ms)


Started GET "/" for 10.0.0.20 at 2015-11-21 00:24:20 -0700

PG::ConnectionBad (FATAL:  database "spark_development" does not exist
):
  activerecord (3.2.21) lib/active_record/connection_adapters/postgresql_adapter.rb:1222:in `initialize'
  activerecord (3.2.21) lib/active_record/connection_adapters/postgresql_adapter.rb:1222:in `new'
  activerecord (3.2.21) lib/active_record/connection_adapters/postgresql_adapter.rb:1222:in `connect'
  activerecord (3.2.21) lib/active_record/connection_adapters/postgresql_adapter.rb:324:in `initialize'
  activerecord (3.2.21) lib/active_record/connection_adapters/postgresql_adapter.rb:28:in `new'
  activerecord (3.2.21) lib/active_record/connection_adapters/postgresql_adapter.rb:28:in `postgresql_connection'
  activerecord (3.2.21) lib/active_record/connection_adapters/abstract/connection_pool.rb:315:in `new_connection'
  activerecord (3.2.21) lib/active_record/connection_adapters/abstract/connection_pool.rb:325:in `checkout_new_connection'
  activerecord (3.2.21) lib/active_record/connection_adapters/abstract/connection_pool.rb:247:in `block (2 levels) in checkout'
  activerecord (3.2.21) lib/active_record/connection_adapters/abstract/connection_pool.rb:242:in `loop'
  activerecord (3.2.21) lib/active_record/connection_adapters/abstract/connection_pool.rb:242:in `block in checkout'
  /home/odroid/.rvm/rubies/ruby-2.2.1/lib/ruby/2.2.0/monitor.rb:211:in `mon_synchronize'
  activerecord (3.2.21) lib/active_record/connection_adapters/abstract/connection_pool.rb:239:in `checkout'
  activerecord (3.2.21) lib/active_record/connection_adapters/abstract/connection_pool.rb:102:in `block in connection'
  /home/odroid/.rvm/rubies/ruby-2.2.1/lib/ruby/2.2.0/monitor.rb:211:in `mon_synchronize'
  activerecord (3.2.21) lib/active_record/connection_adapters/abstract/connection_pool.rb:101:in `connection'
  activerecord (3.2.21) lib/active_record/connection_adapters/abstract/connection_pool.rb:410:in `retrieve_connection'
  activerecord (3.2.21) lib/active_record/connection_adapters/abstract/connection_specification.rb:171:in `retrieve_connection'
  activerecord (3.2.21) lib/active_record/connection_adapters/abstract/connection_specification.rb:145:in `connection'
  activerecord (3.2.21) lib/active_record/query_cache.rb:67:in `rescue in call'
  activerecord (3.2.21) lib/active_record/query_cache.rb:61:in `call'
  activerecord (3.2.21) lib/active_record/connection_adapters/abstract/connection_pool.rb:479:in `call'
  actionpack (3.2.21) lib/action_dispatch/middleware/callbacks.rb:28:in `block in call'
  activesupport (3.2.21) lib/active_support/callbacks.rb:405:in `_run__54070233__call__41699647__callbacks'
  activesupport (3.2.21) lib/active_support/callbacks.rb:405:in `__run_callback'
  activesupport (3.2.21) lib/active_support/callbacks.rb:385:in `_run_call_callbacks'
  activesupport (3.2.21) lib/active_support/callbacks.rb:81:in `run_callbacks'
  actionpack (3.2.21) lib/action_dispatch/middleware/callbacks.rb:27:in `call'
  actionpack (3.2.21) lib/action_dispatch/middleware/reloader.rb:65:in `call'
  actionpack (3.2.21) lib/action_dispatch/middleware/remote_ip.rb:31:in `call'
  actionpack (3.2.21) lib/action_dispatch/middleware/debug_exceptions.rb:16:in `call'
  actionpack (3.2.21) lib/action_dispatch/middleware/show_exceptions.rb:56:in `call'
  railties (3.2.21) lib/rails/rack/logger.rb:32:in `call_app'
  railties (3.2.21) lib/rails/rack/logger.rb:16:in `block in call'
  activesupport (3.2.21) lib/active_support/tagged_logging.rb:22:in `tagged'
  railties (3.2.21) lib/rails/rack/logger.rb:16:in `call'
  actionpack (3.2.21) lib/action_dispatch/middleware/request_id.rb:22:in `call'
  rack (1.4.7) lib/rack/methodoverride.rb:21:in `call'
  rack (1.4.7) lib/rack/runtime.rb:17:in `call'
  activesupport (3.2.21) lib/active_support/cache/strategy/local_cache.rb:72:in `call'
  rack (1.4.7) lib/rack/lock.rb:15:in `call'
  actionpack (3.2.21) lib/action_dispatch/middleware/static.rb:83:in `call'
  railties (3.2.21) lib/rails/engine.rb:484:in `call'
  railties (3.2.21) lib/rails/application.rb:231:in `call'
  rack (1.4.7) lib/rack/content_length.rb:14:in `call'
  railties (3.2.21) lib/rails/rack/log_tailer.rb:17:in `call'
  rack (1.4.7) lib/rack/handler/webrick.rb:59:in `service'
  /home/odroid/.rvm/rubies/ruby-2.2.1/lib/ruby/2.2.0/webrick/httpserver.rb:138:in `service'
  /home/odroid/.rvm/rubies/ruby-2.2.1/lib/ruby/2.2.0/webrick/httpserver.rb:94:in `run'
  /home/odroid/.rvm/rubies/ruby-2.2.1/lib/ruby/2.2.0/webrick/server.rb:294:in `block in start_thread'


  Rendered /home/odroid/.rvm/gems/ruby-2.2.1/gems/actionpack-3.2.21/lib/action_dispatch/middleware/templates/rescues/_trace.erb (7.1ms)
  Rendered /home/odroid/.rvm/gems/ruby-2.2.1/gems/actionpack-3.2.21/lib/action_dispatch/middleware/templates/rescues/_request_and_response.erb (5.0ms)
  Rendered /home/odroid/.rvm/gems/ruby-2.2.1/gems/actionpack-3.2.21/lib/action_dispatch/middleware/templates/rescues/diagnostics.erb within rescues/layout (40.8ms)


Started GET "/" for 10.0.0.20 at 2015-11-21 00:25:06 -0700
Connecting to database specified by database.yml

ActionController::RoutingError (uninitialized constant PagesController):
  activesupport (3.2.21) lib/active_support/inflector/methods.rb:230:in `block in constantize'
  activesupport (3.2.21) lib/active_support/inflector/methods.rb:229:in `each'
  activesupport (3.2.21) lib/active_support/inflector/methods.rb:229:in `constantize'
  actionpack (3.2.21) lib/action_dispatch/routing/route_set.rb:69:in `controller_reference'
  actionpack (3.2.21) lib/action_dispatch/routing/route_set.rb:54:in `controller'
  actionpack (3.2.21) lib/action_dispatch/routing/route_set.rb:32:in `call'
  journey (1.0.4) lib/journey/router.rb:68:in `block in call'
  journey (1.0.4) lib/journey/router.rb:56:in `each'
  journey (1.0.4) lib/journey/router.rb:56:in `call'
  actionpack (3.2.21) lib/action_dispatch/routing/route_set.rb:608:in `call'
  actionpack (3.2.21) lib/action_dispatch/middleware/best_standards_support.rb:17:in `call'
  rack (1.4.7) lib/rack/etag.rb:23:in `call'
  rack (1.4.7) lib/rack/conditionalget.rb:25:in `call'
  actionpack (3.2.21) lib/action_dispatch/middleware/head.rb:14:in `call'
  actionpack (3.2.21) lib/action_dispatch/middleware/params_parser.rb:21:in `call'
  actionpack (3.2.21) lib/action_dispatch/middleware/flash.rb:242:in `call'
  rack (1.4.7) lib/rack/session/abstract/id.rb:210:in `context'
  rack (1.4.7) lib/rack/session/abstract/id.rb:205:in `call'
  actionpack (3.2.21) lib/action_dispatch/middleware/cookies.rb:341:in `call'
  activerecord (3.2.21) lib/active_record/query_cache.rb:64:in `call'
  activerecord (3.2.21) lib/active_record/connection_adapters/abstract/connection_pool.rb:479:in `call'
  actionpack (3.2.21) lib/action_dispatch/middleware/callbacks.rb:28:in `block in call'
  activesupport (3.2.21) lib/active_support/callbacks.rb:405:in `_run__887294951__call__852705199__callbacks'
  activesupport (3.2.21) lib/active_support/callbacks.rb:405:in `__run_callback'
  activesupport (3.2.21) lib/active_support/callbacks.rb:385:in `_run_call_callbacks'
  activesupport (3.2.21) lib/active_support/callbacks.rb:81:in `run_callbacks'
  actionpack (3.2.21) lib/action_dispatch/middleware/callbacks.rb:27:in `call'
  actionpack (3.2.21) lib/action_dispatch/middleware/reloader.rb:65:in `call'
  actionpack (3.2.21) lib/action_dispatch/middleware/remote_ip.rb:31:in `call'
  actionpack (3.2.21) lib/action_dispatch/middleware/debug_exceptions.rb:16:in `call'
  actionpack (3.2.21) lib/action_dispatch/middleware/show_exceptions.rb:56:in `call'
  railties (3.2.21) lib/rails/rack/logger.rb:32:in `call_app'
  railties (3.2.21) lib/rails/rack/logger.rb:16:in `block in call'
  activesupport (3.2.21) lib/active_support/tagged_logging.rb:22:in `tagged'
  railties (3.2.21) lib/rails/rack/logger.rb:16:in `call'
  actionpack (3.2.21) lib/action_dispatch/middleware/request_id.rb:22:in `call'
  rack (1.4.7) lib/rack/methodoverride.rb:21:in `call'
  rack (1.4.7) lib/rack/runtime.rb:17:in `call'
  activesupport (3.2.21) lib/active_support/cache/strategy/local_cache.rb:72:in `call'
  rack (1.4.7) lib/rack/lock.rb:15:in `call'
  actionpack (3.2.21) lib/action_dispatch/middleware/static.rb:83:in `call'
  railties (3.2.21) lib/rails/engine.rb:484:in `call'
  railties (3.2.21) lib/rails/application.rb:231:in `call'
  rack (1.4.7) lib/rack/content_length.rb:14:in `call'
  railties (3.2.21) lib/rails/rack/log_tailer.rb:17:in `call'
  rack (1.4.7) lib/rack/handler/webrick.rb:59:in `service'
  /home/odroid/.rvm/rubies/ruby-2.2.1/lib/ruby/2.2.0/webrick/httpserver.rb:138:in `service'
  /home/odroid/.rvm/rubies/ruby-2.2.1/lib/ruby/2.2.0/webrick/httpserver.rb:94:in `run'
  /home/odroid/.rvm/rubies/ruby-2.2.1/lib/ruby/2.2.0/webrick/server.rb:294:in `block in start_thread'


  Rendered /home/odroid/.rvm/gems/ruby-2.2.1/gems/actionpack-3.2.21/lib/action_dispatch/middleware/templates/rescues/routing_error.erb within rescues/layout (6.4ms)


Started GET "/" for 10.0.0.20 at 2015-11-21 00:25:48 -0700

ActionController::RoutingError (uninitialized constant PagesController):
  activesupport (3.2.21) lib/active_support/inflector/methods.rb:230:in `block in constantize'
  activesupport (3.2.21) lib/active_support/inflector/methods.rb:229:in `each'
  activesupport (3.2.21) lib/active_support/inflector/methods.rb:229:in `constantize'
  actionpack (3.2.21) lib/action_dispatch/routing/route_set.rb:69:in `controller_reference'
  actionpack (3.2.21) lib/action_dispatch/routing/route_set.rb:54:in `controller'
  actionpack (3.2.21) lib/action_dispatch/routing/route_set.rb:32:in `call'
  journey (1.0.4) lib/journey/router.rb:68:in `block in call'
  journey (1.0.4) lib/journey/router.rb:56:in `each'
  journey (1.0.4) lib/journey/router.rb:56:in `call'
  actionpack (3.2.21) lib/action_dispatch/routing/route_set.rb:608:in `call'
  actionpack (3.2.21) lib/action_dispatch/middleware/best_standards_support.rb:17:in `call'
  rack (1.4.7) lib/rack/etag.rb:23:in `call'
  rack (1.4.7) lib/rack/conditionalget.rb:25:in `call'
  actionpack (3.2.21) lib/action_dispatch/middleware/head.rb:14:in `call'
  actionpack (3.2.21) lib/action_dispatch/middleware/params_parser.rb:21:in `call'
  actionpack (3.2.21) lib/action_dispatch/middleware/flash.rb:242:in `call'
  rack (1.4.7) lib/rack/session/abstract/id.rb:210:in `context'
  rack (1.4.7) lib/rack/session/abstract/id.rb:205:in `call'
  actionpack (3.2.21) lib/action_dispatch/middleware/cookies.rb:341:in `call'
  activerecord (3.2.21) lib/active_record/query_cache.rb:64:in `call'
  activerecord (3.2.21) lib/active_record/connection_adapters/abstract/connection_pool.rb:479:in `call'
  actionpack (3.2.21) lib/action_dispatch/middleware/callbacks.rb:28:in `block in call'
  activesupport (3.2.21) lib/active_support/callbacks.rb:405:in `_run__887294951__call__852705199__callbacks'
  activesupport (3.2.21) lib/active_support/callbacks.rb:405:in `__run_callback'
  activesupport (3.2.21) lib/active_support/callbacks.rb:385:in `_run_call_callbacks'
  activesupport (3.2.21) lib/active_support/callbacks.rb:81:in `run_callbacks'
  actionpack (3.2.21) lib/action_dispatch/middleware/callbacks.rb:27:in `call'
  actionpack (3.2.21) lib/action_dispatch/middleware/reloader.rb:65:in `call'
  actionpack (3.2.21) lib/action_dispatch/middleware/remote_ip.rb:31:in `call'
  actionpack (3.2.21) lib/action_dispatch/middleware/debug_exceptions.rb:16:in `call'
  actionpack (3.2.21) lib/action_dispatch/middleware/show_exceptions.rb:56:in `call'
  railties (3.2.21) lib/rails/rack/logger.rb:32:in `call_app'
  railties (3.2.21) lib/rails/rack/logger.rb:16:in `block in call'
  activesupport (3.2.21) lib/active_support/tagged_logging.rb:22:in `tagged'
  railties (3.2.21) lib/rails/rack/logger.rb:16:in `call'
  actionpack (3.2.21) lib/action_dispatch/middleware/request_id.rb:22:in `call'
  rack (1.4.7) lib/rack/methodoverride.rb:21:in `call'
  rack (1.4.7) lib/rack/runtime.rb:17:in `call'
  activesupport (3.2.21) lib/active_support/cache/strategy/local_cache.rb:72:in `call'
  rack (1.4.7) lib/rack/lock.rb:15:in `call'
  actionpack (3.2.21) lib/action_dispatch/middleware/static.rb:83:in `call'
  railties (3.2.21) lib/rails/engine.rb:484:in `call'
  railties (3.2.21) lib/rails/application.rb:231:in `call'
  rack (1.4.7) lib/rack/content_length.rb:14:in `call'
  railties (3.2.21) lib/rails/rack/log_tailer.rb:17:in `call'
  rack (1.4.7) lib/rack/handler/webrick.rb:59:in `service'
  /home/odroid/.rvm/rubies/ruby-2.2.1/lib/ruby/2.2.0/webrick/httpserver.rb:138:in `service'
  /home/odroid/.rvm/rubies/ruby-2.2.1/lib/ruby/2.2.0/webrick/httpserver.rb:94:in `run'
  /home/odroid/.rvm/rubies/ruby-2.2.1/lib/ruby/2.2.0/webrick/server.rb:294:in `block in start_thread'


  Rendered /home/odroid/.rvm/gems/ruby-2.2.1/gems/actionpack-3.2.21/lib/action_dispatch/middleware/templates/rescues/routing_error.erb within rescues/layout (2.6ms)


Started GET "/" for 10.0.0.20 at 2015-11-21 00:25:52 -0700

ActionController::RoutingError (uninitialized constant PagesController):
  activesupport (3.2.21) lib/active_support/inflector/methods.rb:230:in `block in constantize'
  activesupport (3.2.21) lib/active_support/inflector/methods.rb:229:in `each'
  activesupport (3.2.21) lib/active_support/inflector/methods.rb:229:in `constantize'
  actionpack (3.2.21) lib/action_dispatch/routing/route_set.rb:69:in `controller_reference'
  actionpack (3.2.21) lib/action_dispatch/routing/route_set.rb:54:in `controller'
  actionpack (3.2.21) lib/action_dispatch/routing/route_set.rb:32:in `call'
  journey (1.0.4) lib/journey/router.rb:68:in `block in call'
  journey (1.0.4) lib/journey/router.rb:56:in `each'
  journey (1.0.4) lib/journey/router.rb:56:in `call'
  actionpack (3.2.21) lib/action_dispatch/routing/route_set.rb:608:in `call'
  actionpack (3.2.21) lib/action_dispatch/middleware/best_standards_support.rb:17:in `call'
  rack (1.4.7) lib/rack/etag.rb:23:in `call'
  rack (1.4.7) lib/rack/conditionalget.rb:25:in `call'
  actionpack (3.2.21) lib/action_dispatch/middleware/head.rb:14:in `call'
  actionpack (3.2.21) lib/action_dispatch/middleware/params_parser.rb:21:in `call'
  actionpack (3.2.21) lib/action_dispatch/middleware/flash.rb:242:in `call'
  rack (1.4.7) lib/rack/session/abstract/id.rb:210:in `context'
  rack (1.4.7) lib/rack/session/abstract/id.rb:205:in `call'
  actionpack (3.2.21) lib/action_dispatch/middleware/cookies.rb:341:in `call'
  activerecord (3.2.21) lib/active_record/query_cache.rb:64:in `call'
  activerecord (3.2.21) lib/active_record/connection_adapters/abstract/connection_pool.rb:479:in `call'
  actionpack (3.2.21) lib/action_dispatch/middleware/callbacks.rb:28:in `block in call'
  activesupport (3.2.21) lib/active_support/callbacks.rb:405:in `_run__887294951__call__852705199__callbacks'
  activesupport (3.2.21) lib/active_support/callbacks.rb:405:in `__run_callback'
  activesupport (3.2.21) lib/active_support/callbacks.rb:385:in `_run_call_callbacks'
  activesupport (3.2.21) lib/active_support/callbacks.rb:81:in `run_callbacks'
  actionpack (3.2.21) lib/action_dispatch/middleware/callbacks.rb:27:in `call'
  actionpack (3.2.21) lib/action_dispatch/middleware/reloader.rb:65:in `call'
  actionpack (3.2.21) lib/action_dispatch/middleware/remote_ip.rb:31:in `call'
  actionpack (3.2.21) lib/action_dispatch/middleware/debug_exceptions.rb:16:in `call'
  actionpack (3.2.21) lib/action_dispatch/middleware/show_exceptions.rb:56:in `call'
  railties (3.2.21) lib/rails/rack/logger.rb:32:in `call_app'
  railties (3.2.21) lib/rails/rack/logger.rb:16:in `block in call'
  activesupport (3.2.21) lib/active_support/tagged_logging.rb:22:in `tagged'
  railties (3.2.21) lib/rails/rack/logger.rb:16:in `call'
  actionpack (3.2.21) lib/action_dispatch/middleware/request_id.rb:22:in `call'
  rack (1.4.7) lib/rack/methodoverride.rb:21:in `call'
  rack (1.4.7) lib/rack/runtime.rb:17:in `call'
  activesupport (3.2.21) lib/active_support/cache/strategy/local_cache.rb:72:in `call'
  rack (1.4.7) lib/rack/lock.rb:15:in `call'
  actionpack (3.2.21) lib/action_dispatch/middleware/static.rb:83:in `call'
  railties (3.2.21) lib/rails/engine.rb:484:in `call'
  railties (3.2.21) lib/rails/application.rb:231:in `call'
  rack (1.4.7) lib/rack/content_length.rb:14:in `call'
  railties (3.2.21) lib/rails/rack/log_tailer.rb:17:in `call'
  rack (1.4.7) lib/rack/handler/webrick.rb:59:in `service'
  /home/odroid/.rvm/rubies/ruby-2.2.1/lib/ruby/2.2.0/webrick/httpserver.rb:138:in `service'
  /home/odroid/.rvm/rubies/ruby-2.2.1/lib/ruby/2.2.0/webrick/httpserver.rb:94:in `run'
  /home/odroid/.rvm/rubies/ruby-2.2.1/lib/ruby/2.2.0/webrick/server.rb:294:in `block in start_thread'


  Rendered /home/odroid/.rvm/gems/ruby-2.2.1/gems/actionpack-3.2.21/lib/action_dispatch/middleware/templates/rescues/routing_error.erb within rescues/layout (2.5ms)


Started GET "/" for 10.0.0.20 at 2015-11-21 00:26:13 -0700
Connecting to database specified by database.yml
Processing by StaticPagesController#show as HTML
  Parameters: {"page"=>"home"}
  Rendered pages/home.html.erb within layouts/application (4.4ms)
Compiled application.css  (3ms)  (pid 3800)
Compiled jquery.js  (19ms)  (pid 3800)
Compiled jquery_ujs.js  (2ms)  (pid 3800)
Compiled application.js  (64ms)  (pid 3800)
Completed 200 OK in 173.8ms (Views: 172.3ms | ActiveRecord: 0.0ms)


Started GET "/assets/jquery.js?body=1" for 10.0.0.20 at 2015-11-21 00:26:14 -0700
Served asset /jquery.js - 200 OK (16ms)


Started GET "/assets/application.css?body=1" for 10.0.0.20 at 2015-11-21 00:26:14 -0700
Served asset /application.css - 200 OK (17ms)


Started GET "/assets/jquery_ujs.js?body=1" for 10.0.0.20 at 2015-11-21 00:26:14 -0700
Served asset /jquery_ujs.js - 200 OK (8ms)


Started GET "/assets/application.js?body=1" for 10.0.0.20 at 2015-11-21 00:26:14 -0700
Served asset /application.js - 200 OK (22ms)


Started GET "/" for 10.0.0.20 at 2015-11-21 00:35:46 -0700
Processing by StaticPagesController#show as HTML
  Parameters: {"page"=>"home"}
  Rendered pages/home.html.erb within layouts/application (11.5ms)
Completed 200 OK in 26.9ms (Views: 26.4ms | ActiveRecord: 0.0ms)


Started GET "/assets/application.css?body=1" for 10.0.0.20 at 2015-11-21 00:35:46 -0700
Served asset /application.css - 304 Not Modified (1ms)


Started GET "/assets/jquery_ujs.js?body=1" for 10.0.0.20 at 2015-11-21 00:35:46 -0700
Served asset /jquery_ujs.js - 304 Not Modified (0ms)


Started GET "/assets/application.js?body=1" for 10.0.0.20 at 2015-11-21 00:35:46 -0700
Served asset /application.js - 304 Not Modified (4ms)


Started GET "/assets/jquery.js?body=1" for 10.0.0.20 at 2015-11-21 00:35:46 -0700
Served asset /jquery.js - 304 Not Modified (3ms)


Started GET "/universal/svg/social-accounts.svg" for 10.0.0.20 at 2015-11-21 00:35:47 -0700

ActionController::RoutingError (No route matches [GET] "/universal/svg/social-accounts.svg"):
  actionpack (3.2.21) lib/action_dispatch/middleware/debug_exceptions.rb:21:in `call'
  actionpack (3.2.21) lib/action_dispatch/middleware/show_exceptions.rb:56:in `call'
  railties (3.2.21) lib/rails/rack/logger.rb:32:in `call_app'
  railties (3.2.21) lib/rails/rack/logger.rb:16:in `block in call'
  activesupport (3.2.21) lib/active_support/tagged_logging.rb:22:in `tagged'
  railties (3.2.21) lib/rails/rack/logger.rb:16:in `call'
  actionpack (3.2.21) lib/action_dispatch/middleware/request_id.rb:22:in `call'
  rack (1.4.7) lib/rack/methodoverride.rb:21:in `call'
  rack (1.4.7) lib/rack/runtime.rb:17:in `call'
  activesupport (3.2.21) lib/active_support/cache/strategy/local_cache.rb:72:in `call'
  rack (1.4.7) lib/rack/lock.rb:15:in `call'
  actionpack (3.2.21) lib/action_dispatch/middleware/static.rb:83:in `call'
  railties (3.2.21) lib/rails/engine.rb:484:in `call'
  railties (3.2.21) lib/rails/application.rb:231:in `call'
  rack (1.4.7) lib/rack/content_length.rb:14:in `call'
  railties (3.2.21) lib/rails/rack/log_tailer.rb:17:in `call'
  rack (1.4.7) lib/rack/handler/webrick.rb:59:in `service'
  /home/odroid/.rvm/rubies/ruby-2.2.1/lib/ruby/2.2.0/webrick/httpserver.rb:138:in `service'
  /home/odroid/.rvm/rubies/ruby-2.2.1/lib/ruby/2.2.0/webrick/httpserver.rb:94:in `run'
  /home/odroid/.rvm/rubies/ruby-2.2.1/lib/ruby/2.2.0/webrick/server.rb:294:in `block in start_thread'


  Rendered /home/odroid/.rvm/gems/ruby-2.2.1/gems/actionpack-3.2.21/lib/action_dispatch/middleware/templates/rescues/routing_error.erb within rescues/layout (2.7ms)


Started POST "/api/census/RecordHit" for 10.0.0.20 at 2015-11-21 00:35:47 -0700

ActionController::RoutingError (No route matches [POST] "/api/census/RecordHit"):
  actionpack (3.2.21) lib/action_dispatch/middleware/debug_exceptions.rb:21:in `call'
  actionpack (3.2.21) lib/action_dispatch/middleware/show_exceptions.rb:56:in `call'
  railties (3.2.21) lib/rails/rack/logger.rb:32:in `call_app'
  railties (3.2.21) lib/rails/rack/logger.rb:16:in `block in call'
  activesupport (3.2.21) lib/active_support/tagged_logging.rb:22:in `tagged'
  railties (3.2.21) lib/rails/rack/logger.rb:16:in `call'
  actionpack (3.2.21) lib/action_dispatch/middleware/request_id.rb:22:in `call'
  rack (1.4.7) lib/rack/methodoverride.rb:21:in `call'
  rack (1.4.7) lib/rack/runtime.rb:17:in `call'
  activesupport (3.2.21) lib/active_support/cache/strategy/local_cache.rb:72:in `call'
  rack (1.4.7) lib/rack/lock.rb:15:in `call'
  actionpack (3.2.21) lib/action_dispatch/middleware/static.rb:83:in `call'
  railties (3.2.21) lib/rails/engine.rb:484:in `call'
  railties (3.2.21) lib/rails/application.rb:231:in `call'
  rack (1.4.7) lib/rack/content_length.rb:14:in `call'
  railties (3.2.21) lib/rails/rack/log_tailer.rb:17:in `call'
  rack (1.4.7) lib/rack/handler/webrick.rb:59:in `service'
  /home/odroid/.rvm/rubies/ruby-2.2.1/lib/ruby/2.2.0/webrick/httpserver.rb:138:in `service'
  /home/odroid/.rvm/rubies/ruby-2.2.1/lib/ruby/2.2.0/webrick/httpserver.rb:94:in `run'
  /home/odroid/.rvm/rubies/ruby-2.2.1/lib/ruby/2.2.0/webrick/server.rb:294:in `block in start_thread'


  Rendered /home/odroid/.rvm/gems/ruby-2.2.1/gems/actionpack-3.2.21/lib/action_dispatch/middleware/templates/rescues/routing_error.erb within rescues/layout (2.7ms)


Started POST "/api/census/RecordHit" for 10.0.0.20 at 2015-11-21 00:36:01 -0700

ActionController::RoutingError (No route matches [POST] "/api/census/RecordHit"):
  actionpack (3.2.21) lib/action_dispatch/middleware/debug_exceptions.rb:21:in `call'
  actionpack (3.2.21) lib/action_dispatch/middleware/show_exceptions.rb:56:in `call'
  railties (3.2.21) lib/rails/rack/logger.rb:32:in `call_app'
  railties (3.2.21) lib/rails/rack/logger.rb:16:in `block in call'
  activesupport (3.2.21) lib/active_support/tagged_logging.rb:22:in `tagged'
  railties (3.2.21) lib/rails/rack/logger.rb:16:in `call'
  actionpack (3.2.21) lib/action_dispatch/middleware/request_id.rb:22:in `call'
  rack (1.4.7) lib/rack/methodoverride.rb:21:in `call'
  rack (1.4.7) lib/rack/runtime.rb:17:in `call'
  activesupport (3.2.21) lib/active_support/cache/strategy/local_cache.rb:72:in `call'
  rack (1.4.7) lib/rack/lock.rb:15:in `call'
  actionpack (3.2.21) lib/action_dispatch/middleware/static.rb:83:in `call'
  railties (3.2.21) lib/rails/engine.rb:484:in `call'
  railties (3.2.21) lib/rails/application.rb:231:in `call'
  rack (1.4.7) lib/rack/content_length.rb:14:in `call'
  railties (3.2.21) lib/rails/rack/log_tailer.rb:17:in `call'
  rack (1.4.7) lib/rack/handler/webrick.rb:59:in `service'
  /home/odroid/.rvm/rubies/ruby-2.2.1/lib/ruby/2.2.0/webrick/httpserver.rb:138:in `service'
  /home/odroid/.rvm/rubies/ruby-2.2.1/lib/ruby/2.2.0/webrick/httpserver.rb:94:in `run'
  /home/odroid/.rvm/rubies/ruby-2.2.1/lib/ruby/2.2.0/webrick/server.rb:294:in `block in start_thread'


  Rendered /home/odroid/.rvm/gems/ruby-2.2.1/gems/actionpack-3.2.21/lib/action_dispatch/middleware/templates/rescues/routing_error.erb within rescues/layout (2.5ms)


Started POST "/api/census/RecordHit" for 10.0.0.20 at 2015-11-21 00:36:03 -0700

ActionController::RoutingError (No route matches [POST] "/api/census/RecordHit"):
  actionpack (3.2.21) lib/action_dispatch/middleware/debug_exceptions.rb:21:in `call'
  actionpack (3.2.21) lib/action_dispatch/middleware/show_exceptions.rb:56:in `call'
  railties (3.2.21) lib/rails/rack/logger.rb:32:in `call_app'
  railties (3.2.21) lib/rails/rack/logger.rb:16:in `block in call'
  activesupport (3.2.21) lib/active_support/tagged_logging.rb:22:in `tagged'
  railties (3.2.21) lib/rails/rack/logger.rb:16:in `call'
  actionpack (3.2.21) lib/action_dispatch/middleware/request_id.rb:22:in `call'
  rack (1.4.7) lib/rack/methodoverride.rb:21:in `call'
  rack (1.4.7) lib/rack/runtime.rb:17:in `call'
  activesupport (3.2.21) lib/active_support/cache/strategy/local_cache.rb:72:in `call'
  rack (1.4.7) lib/rack/lock.rb:15:in `call'
  actionpack (3.2.21) lib/action_dispatch/middleware/static.rb:83:in `call'
  railties (3.2.21) lib/rails/engine.rb:484:in `call'
  railties (3.2.21) lib/rails/application.rb:231:in `call'
  rack (1.4.7) lib/rack/content_length.rb:14:in `call'
  railties (3.2.21) lib/rails/rack/log_tailer.rb:17:in `call'
  rack (1.4.7) lib/rack/handler/webrick.rb:59:in `service'
  /home/odroid/.rvm/rubies/ruby-2.2.1/lib/ruby/2.2.0/webrick/httpserver.rb:138:in `service'
  /home/odroid/.rvm/rubies/ruby-2.2.1/lib/ruby/2.2.0/webrick/httpserver.rb:94:in `run'
  /home/odroid/.rvm/rubies/ruby-2.2.1/lib/ruby/2.2.0/webrick/server.rb:294:in `block in start_thread'


  Rendered /home/odroid/.rvm/gems/ruby-2.2.1/gems/actionpack-3.2.21/lib/action_dispatch/middleware/templates/rescues/routing_error.erb within rescues/layout (2.3ms)


Started POST "/api/census/RecordHit" for 10.0.0.20 at 2015-11-21 00:36:05 -0700

ActionController::RoutingError (No route matches [POST] "/api/census/RecordHit"):
  actionpack (3.2.21) lib/action_dispatch/middleware/debug_exceptions.rb:21:in `call'
  actionpack (3.2.21) lib/action_dispatch/middleware/show_exceptions.rb:56:in `call'
  railties (3.2.21) lib/rails/rack/logger.rb:32:in `call_app'
  railties (3.2.21) lib/rails/rack/logger.rb:16:in `block in call'
  activesupport (3.2.21) lib/active_support/tagged_logging.rb:22:in `tagged'
  railties (3.2.21) lib/rails/rack/logger.rb:16:in `call'
  actionpack (3.2.21) lib/action_dispatch/middleware/request_id.rb:22:in `call'
  rack (1.4.7) lib/rack/methodoverride.rb:21:in `call'
  rack (1.4.7) lib/rack/runtime.rb:17:in `call'
  activesupport (3.2.21) lib/active_support/cache/strategy/local_cache.rb:72:in `call'
  rack (1.4.7) lib/rack/lock.rb:15:in `call'
  actionpack (3.2.21) lib/action_dispatch/middleware/static.rb:83:in `call'
  railties (3.2.21) lib/rails/engine.rb:484:in `call'
  railties (3.2.21) lib/rails/application.rb:231:in `call'
  rack (1.4.7) lib/rack/content_length.rb:14:in `call'
  railties (3.2.21) lib/rails/rack/log_tailer.rb:17:in `call'
  rack (1.4.7) lib/rack/handler/webrick.rb:59:in `service'
  /home/odroid/.rvm/rubies/ruby-2.2.1/lib/ruby/2.2.0/webrick/httpserver.rb:138:in `service'
  /home/odroid/.rvm/rubies/ruby-2.2.1/lib/ruby/2.2.0/webrick/httpserver.rb:94:in `run'
  /home/odroid/.rvm/rubies/ruby-2.2.1/lib/ruby/2.2.0/webrick/server.rb:294:in `block in start_thread'


  Rendered /home/odroid/.rvm/gems/ruby-2.2.1/gems/actionpack-3.2.21/lib/action_dispatch/middleware/templates/rescues/routing_error.erb within rescues/layout (2.5ms)


Started POST "/api/census/RecordHit" for 10.0.0.20 at 2015-11-21 00:37:07 -0700

ActionController::RoutingError (No route matches [POST] "/api/census/RecordHit"):
  actionpack (3.2.21) lib/action_dispatch/middleware/debug_exceptions.rb:21:in `call'
  actionpack (3.2.21) lib/action_dispatch/middleware/show_exceptions.rb:56:in `call'
  railties (3.2.21) lib/rails/rack/logger.rb:32:in `call_app'
  railties (3.2.21) lib/rails/rack/logger.rb:16:in `block in call'
  activesupport (3.2.21) lib/active_support/tagged_logging.rb:22:in `tagged'
  railties (3.2.21) lib/rails/rack/logger.rb:16:in `call'
  actionpack (3.2.21) lib/action_dispatch/middleware/request_id.rb:22:in `call'
  rack (1.4.7) lib/rack/methodoverride.rb:21:in `call'
  rack (1.4.7) lib/rack/runtime.rb:17:in `call'
  activesupport (3.2.21) lib/active_support/cache/strategy/local_cache.rb:72:in `call'
  rack (1.4.7) lib/rack/lock.rb:15:in `call'
  actionpack (3.2.21) lib/action_dispatch/middleware/static.rb:83:in `call'
  railties (3.2.21) lib/rails/engine.rb:484:in `call'
  railties (3.2.21) lib/rails/application.rb:231:in `call'
  rack (1.4.7) lib/rack/content_length.rb:14:in `call'
  railties (3.2.21) lib/rails/rack/log_tailer.rb:17:in `call'
  rack (1.4.7) lib/rack/handler/webrick.rb:59:in `service'
  /home/odroid/.rvm/rubies/ruby-2.2.1/lib/ruby/2.2.0/webrick/httpserver.rb:138:in `service'
  /home/odroid/.rvm/rubies/ruby-2.2.1/lib/ruby/2.2.0/webrick/httpserver.rb:94:in `run'
  /home/odroid/.rvm/rubies/ruby-2.2.1/lib/ruby/2.2.0/webrick/server.rb:294:in `block in start_thread'


  Rendered /home/odroid/.rvm/gems/ruby-2.2.1/gems/actionpack-3.2.21/lib/action_dispatch/middleware/templates/rescues/routing_error.erb within rescues/layout (2.6ms)


Started POST "/api/census/RecordHit" for 10.0.0.20 at 2015-11-21 00:39:04 -0700

ActionController::RoutingError (No route matches [POST] "/api/census/RecordHit"):
  actionpack (3.2.21) lib/action_dispatch/middleware/debug_exceptions.rb:21:in `call'
  actionpack (3.2.21) lib/action_dispatch/middleware/show_exceptions.rb:56:in `call'
  railties (3.2.21) lib/rails/rack/logger.rb:32:in `call_app'
  railties (3.2.21) lib/rails/rack/logger.rb:16:in `block in call'
  activesupport (3.2.21) lib/active_support/tagged_logging.rb:22:in `tagged'
  railties (3.2.21) lib/rails/rack/logger.rb:16:in `call'
  actionpack (3.2.21) lib/action_dispatch/middleware/request_id.rb:22:in `call'
  rack (1.4.7) lib/rack/methodoverride.rb:21:in `call'
  rack (1.4.7) lib/rack/runtime.rb:17:in `call'
  activesupport (3.2.21) lib/active_support/cache/strategy/local_cache.rb:72:in `call'
  rack (1.4.7) lib/rack/lock.rb:15:in `call'
  actionpack (3.2.21) lib/action_dispatch/middleware/static.rb:83:in `call'
  railties (3.2.21) lib/rails/engine.rb:484:in `call'
  railties (3.2.21) lib/rails/application.rb:231:in `call'
  rack (1.4.7) lib/rack/content_length.rb:14:in `call'
  railties (3.2.21) lib/rails/rack/log_tailer.rb:17:in `call'
  rack (1.4.7) lib/rack/handler/webrick.rb:59:in `service'
  /home/odroid/.rvm/rubies/ruby-2.2.1/lib/ruby/2.2.0/webrick/httpserver.rb:138:in `service'
  /home/odroid/.rvm/rubies/ruby-2.2.1/lib/ruby/2.2.0/webrick/httpserver.rb:94:in `run'
  /home/odroid/.rvm/rubies/ruby-2.2.1/lib/ruby/2.2.0/webrick/server.rb:294:in `block in start_thread'


  Rendered /home/odroid/.rvm/gems/ruby-2.2.1/gems/actionpack-3.2.21/lib/action_dispatch/middleware/templates/rescues/routing_error.erb within rescues/layout (3.3ms)


Started GET "/" for 10.0.0.20 at 2015-11-21 00:39:04 -0700
Processing by StaticPagesController#show as HTML
  Parameters: {"page"=>"home"}
  Rendered pages/home.html.erb within layouts/application (13.1ms)
Completed 200 OK in 32.1ms (Views: 31.6ms | ActiveRecord: 0.0ms)


Started GET "/assets/application.css?body=1" for 10.0.0.20 at 2015-11-21 00:39:04 -0700
Served asset /application.css - 304 Not Modified (0ms)


Started GET "/assets/jquery.js?body=1" for 10.0.0.20 at 2015-11-21 00:39:04 -0700
Served asset /jquery.js - 304 Not Modified (3ms)


Started GET "/assets/jquery_ujs.js?body=1" for 10.0.0.20 at 2015-11-21 00:39:05 -0700
Served asset /jquery_ujs.js - 304 Not Modified (0ms)


Started GET "/assets/application.js?body=1" for 10.0.0.20 at 2015-11-21 00:39:05 -0700
Served asset /application.js - 304 Not Modified (5ms)


Started GET "/universal/svg/social-accounts.svg" for 10.0.0.20 at 2015-11-21 00:39:05 -0700

ActionController::RoutingError (No route matches [GET] "/universal/svg/social-accounts.svg"):
  actionpack (3.2.21) lib/action_dispatch/middleware/debug_exceptions.rb:21:in `call'
  actionpack (3.2.21) lib/action_dispatch/middleware/show_exceptions.rb:56:in `call'
  railties (3.2.21) lib/rails/rack/logger.rb:32:in `call_app'
  railties (3.2.21) lib/rails/rack/logger.rb:16:in `block in call'
  activesupport (3.2.21) lib/active_support/tagged_logging.rb:22:in `tagged'
  railties (3.2.21) lib/rails/rack/logger.rb:16:in `call'
  actionpack (3.2.21) lib/action_dispatch/middleware/request_id.rb:22:in `call'
  rack (1.4.7) lib/rack/methodoverride.rb:21:in `call'
  rack (1.4.7) lib/rack/runtime.rb:17:in `call'
  activesupport (3.2.21) lib/active_support/cache/strategy/local_cache.rb:72:in `call'
  rack (1.4.7) lib/rack/lock.rb:15:in `call'
  actionpack (3.2.21) lib/action_dispatch/middleware/static.rb:83:in `call'
  railties (3.2.21) lib/rails/engine.rb:484:in `call'
  railties (3.2.21) lib/rails/application.rb:231:in `call'
  rack (1.4.7) lib/rack/content_length.rb:14:in `call'
  railties (3.2.21) lib/rails/rack/log_tailer.rb:17:in `call'
  rack (1.4.7) lib/rack/handler/webrick.rb:59:in `service'
  /home/odroid/.rvm/rubies/ruby-2.2.1/lib/ruby/2.2.0/webrick/httpserver.rb:138:in `service'
  /home/odroid/.rvm/rubies/ruby-2.2.1/lib/ruby/2.2.0/webrick/httpserver.rb:94:in `run'
  /home/odroid/.rvm/rubies/ruby-2.2.1/lib/ruby/2.2.0/webrick/server.rb:294:in `block in start_thread'


  Rendered /home/odroid/.rvm/gems/ruby-2.2.1/gems/actionpack-3.2.21/lib/action_dispatch/middleware/templates/rescues/routing_error.erb within rescues/layout (2.6ms)


Started POST "/api/census/RecordHit" for 10.0.0.20 at 2015-11-21 00:39:05 -0700

ActionController::RoutingError (No route matches [POST] "/api/census/RecordHit"):
  actionpack (3.2.21) lib/action_dispatch/middleware/debug_exceptions.rb:21:in `call'
  actionpack (3.2.21) lib/action_dispatch/middleware/show_exceptions.rb:56:in `call'
  railties (3.2.21) lib/rails/rack/logger.rb:32:in `call_app'
  railties (3.2.21) lib/rails/rack/logger.rb:16:in `block in call'
  activesupport (3.2.21) lib/active_support/tagged_logging.rb:22:in `tagged'
  railties (3.2.21) lib/rails/rack/logger.rb:16:in `call'
  actionpack (3.2.21) lib/action_dispatch/middleware/request_id.rb:22:in `call'
  rack (1.4.7) lib/rack/methodoverride.rb:21:in `call'
  rack (1.4.7) lib/rack/runtime.rb:17:in `call'
  activesupport (3.2.21) lib/active_support/cache/strategy/local_cache.rb:72:in `call'
  rack (1.4.7) lib/rack/lock.rb:15:in `call'
  actionpack (3.2.21) lib/action_dispatch/middleware/static.rb:83:in `call'
  railties (3.2.21) lib/rails/engine.rb:484:in `call'
  railties (3.2.21) lib/rails/application.rb:231:in `call'
  rack (1.4.7) lib/rack/content_length.rb:14:in `call'
  railties (3.2.21) lib/rails/rack/log_tailer.rb:17:in `call'
  rack (1.4.7) lib/rack/handler/webrick.rb:59:in `service'
  /home/odroid/.rvm/rubies/ruby-2.2.1/lib/ruby/2.2.0/webrick/httpserver.rb:138:in `service'
  /home/odroid/.rvm/rubies/ruby-2.2.1/lib/ruby/2.2.0/webrick/httpserver.rb:94:in `run'
  /home/odroid/.rvm/rubies/ruby-2.2.1/lib/ruby/2.2.0/webrick/server.rb:294:in `block in start_thread'


  Rendered /home/odroid/.rvm/gems/ruby-2.2.1/gems/actionpack-3.2.21/lib/action_dispatch/middleware/templates/rescues/routing_error.erb within rescues/layout (2.5ms)


Started GET "/favicon.ico" for 10.0.0.20 at 2015-11-21 00:39:06 -0700

ActionController::RoutingError (No route matches [GET] "/favicon.ico"):
  actionpack (3.2.21) lib/action_dispatch/middleware/debug_exceptions.rb:21:in `call'
  actionpack (3.2.21) lib/action_dispatch/middleware/show_exceptions.rb:56:in `call'
  railties (3.2.21) lib/rails/rack/logger.rb:32:in `call_app'
  railties (3.2.21) lib/rails/rack/logger.rb:16:in `block in call'
  activesupport (3.2.21) lib/active_support/tagged_logging.rb:22:in `tagged'
  railties (3.2.21) lib/rails/rack/logger.rb:16:in `call'
  actionpack (3.2.21) lib/action_dispatch/middleware/request_id.rb:22:in `call'
  rack (1.4.7) lib/rack/methodoverride.rb:21:in `call'
  rack (1.4.7) lib/rack/runtime.rb:17:in `call'
  activesupport (3.2.21) lib/active_support/cache/strategy/local_cache.rb:72:in `call'
  rack (1.4.7) lib/rack/lock.rb:15:in `call'
  actionpack (3.2.21) lib/action_dispatch/middleware/static.rb:83:in `call'
  railties (3.2.21) lib/rails/engine.rb:484:in `call'
  railties (3.2.21) lib/rails/application.rb:231:in `call'
  rack (1.4.7) lib/rack/content_length.rb:14:in `call'
  railties (3.2.21) lib/rails/rack/log_tailer.rb:17:in `call'
  rack (1.4.7) lib/rack/handler/webrick.rb:59:in `service'
  /home/odroid/.rvm/rubies/ruby-2.2.1/lib/ruby/2.2.0/webrick/httpserver.rb:138:in `service'
  /home/odroid/.rvm/rubies/ruby-2.2.1/lib/ruby/2.2.0/webrick/httpserver.rb:94:in `run'
  /home/odroid/.rvm/rubies/ruby-2.2.1/lib/ruby/2.2.0/webrick/server.rb:294:in `block in start_thread'


  Rendered /home/odroid/.rvm/gems/ruby-2.2.1/gems/actionpack-3.2.21/lib/action_dispatch/middleware/templates/rescues/routing_error.erb within rescues/layout (2.4ms)


Started POST "/api/census/RecordHit" for 10.0.0.20 at 2015-11-21 00:39:09 -0700

ActionController::RoutingError (No route matches [POST] "/api/census/RecordHit"):
  actionpack (3.2.21) lib/action_dispatch/middleware/debug_exceptions.rb:21:in `call'
  actionpack (3.2.21) lib/action_dispatch/middleware/show_exceptions.rb:56:in `call'
  railties (3.2.21) lib/rails/rack/logger.rb:32:in `call_app'
  railties (3.2.21) lib/rails/rack/logger.rb:16:in `block in call'
  activesupport (3.2.21) lib/active_support/tagged_logging.rb:22:in `tagged'
  railties (3.2.21) lib/rails/rack/logger.rb:16:in `call'
  actionpack (3.2.21) lib/action_dispatch/middleware/request_id.rb:22:in `call'
  rack (1.4.7) lib/rack/methodoverride.rb:21:in `call'
  rack (1.4.7) lib/rack/runtime.rb:17:in `call'
  activesupport (3.2.21) lib/active_support/cache/strategy/local_cache.rb:72:in `call'
  rack (1.4.7) lib/rack/lock.rb:15:in `call'
  actionpack (3.2.21) lib/action_dispatch/middleware/static.rb:83:in `call'
  railties (3.2.21) lib/rails/engine.rb:484:in `call'
  railties (3.2.21) lib/rails/application.rb:231:in `call'
  rack (1.4.7) lib/rack/content_length.rb:14:in `call'
  railties (3.2.21) lib/rails/rack/log_tailer.rb:17:in `call'
  rack (1.4.7) lib/rack/handler/webrick.rb:59:in `service'
  /home/odroid/.rvm/rubies/ruby-2.2.1/lib/ruby/2.2.0/webrick/httpserver.rb:138:in `service'
  /home/odroid/.rvm/rubies/ruby-2.2.1/lib/ruby/2.2.0/webrick/httpserver.rb:94:in `run'
  /home/odroid/.rvm/rubies/ruby-2.2.1/lib/ruby/2.2.0/webrick/server.rb:294:in `block in start_thread'


  Rendered /home/odroid/.rvm/gems/ruby-2.2.1/gems/actionpack-3.2.21/lib/action_dispatch/middleware/templates/rescues/routing_error.erb within rescues/layout (2.6ms)


Started POST "/api/census/RecordHit" for 10.0.0.20 at 2015-11-21 00:39:16 -0700

ActionController::RoutingError (No route matches [POST] "/api/census/RecordHit"):
  actionpack (3.2.21) lib/action_dispatch/middleware/debug_exceptions.rb:21:in `call'
  actionpack (3.2.21) lib/action_dispatch/middleware/show_exceptions.rb:56:in `call'
  railties (3.2.21) lib/rails/rack/logger.rb:32:in `call_app'
  railties (3.2.21) lib/rails/rack/logger.rb:16:in `block in call'
  activesupport (3.2.21) lib/active_support/tagged_logging.rb:22:in `tagged'
  railties (3.2.21) lib/rails/rack/logger.rb:16:in `call'
  actionpack (3.2.21) lib/action_dispatch/middleware/request_id.rb:22:in `call'
  rack (1.4.7) lib/rack/methodoverride.rb:21:in `call'
  rack (1.4.7) lib/rack/runtime.rb:17:in `call'
  activesupport (3.2.21) lib/active_support/cache/strategy/local_cache.rb:72:in `call'
  rack (1.4.7) lib/rack/lock.rb:15:in `call'
  actionpack (3.2.21) lib/action_dispatch/middleware/static.rb:83:in `call'
  railties (3.2.21) lib/rails/engine.rb:484:in `call'
  railties (3.2.21) lib/rails/application.rb:231:in `call'
  rack (1.4.7) lib/rack/content_length.rb:14:in `call'
  railties (3.2.21) lib/rails/rack/log_tailer.rb:17:in `call'
  rack (1.4.7) lib/rack/handler/webrick.rb:59:in `service'
  /home/odroid/.rvm/rubies/ruby-2.2.1/lib/ruby/2.2.0/webrick/httpserver.rb:138:in `service'
  /home/odroid/.rvm/rubies/ruby-2.2.1/lib/ruby/2.2.0/webrick/httpserver.rb:94:in `run'
  /home/odroid/.rvm/rubies/ruby-2.2.1/lib/ruby/2.2.0/webrick/server.rb:294:in `block in start_thread'


  Rendered /home/odroid/.rvm/gems/ruby-2.2.1/gems/actionpack-3.2.21/lib/action_dispatch/middleware/templates/rescues/routing_error.erb within rescues/layout (2.6ms)


Started GET "/" for 10.0.0.20 at 2015-11-21 00:39:38 -0700
Processing by StaticPagesController#show as HTML
  Parameters: {"page"=>"home"}
  Rendered pages/home.html.erb within layouts/application (0.3ms)
Completed 200 OK in 15.8ms (Views: 15.4ms | ActiveRecord: 0.0ms)


Started GET "/assets/application.css?body=1" for 10.0.0.20 at 2015-11-21 00:39:38 -0700
Served asset /application.css - 304 Not Modified (18ms)


Started GET "/assets/application.js?body=1" for 10.0.0.20 at 2015-11-21 00:39:38 -0700
Served asset /application.js - 304 Not Modified (4ms)


Started GET "/assets/jquery_ujs.js?body=1" for 10.0.0.20 at 2015-11-21 00:39:39 -0700
Served asset /jquery_ujs.js - 304 Not Modified (0ms)


Started GET "/assets/jquery.js?body=1" for 10.0.0.20 at 2015-11-21 00:39:39 -0700
Served asset /jquery.js - 304 Not Modified (3ms)


Started GET "/universal/svg/social-accounts.svg" for 10.0.0.20 at 2015-11-21 00:39:40 -0700

ActionController::RoutingError (No route matches [GET] "/universal/svg/social-accounts.svg"):
  actionpack (3.2.21) lib/action_dispatch/middleware/debug_exceptions.rb:21:in `call'
  actionpack (3.2.21) lib/action_dispatch/middleware/show_exceptions.rb:56:in `call'
  railties (3.2.21) lib/rails/rack/logger.rb:32:in `call_app'
  railties (3.2.21) lib/rails/rack/logger.rb:16:in `block in call'
  activesupport (3.2.21) lib/active_support/tagged_logging.rb:22:in `tagged'
  railties (3.2.21) lib/rails/rack/logger.rb:16:in `call'
  actionpack (3.2.21) lib/action_dispatch/middleware/request_id.rb:22:in `call'
  rack (1.4.7) lib/rack/methodoverride.rb:21:in `call'
  rack (1.4.7) lib/rack/runtime.rb:17:in `call'
  activesupport (3.2.21) lib/active_support/cache/strategy/local_cache.rb:72:in `call'
  rack (1.4.7) lib/rack/lock.rb:15:in `call'
  actionpack (3.2.21) lib/action_dispatch/middleware/static.rb:83:in `call'
  railties (3.2.21) lib/rails/engine.rb:484:in `call'
  railties (3.2.21) lib/rails/application.rb:231:in `call'
  rack (1.4.7) lib/rack/content_length.rb:14:in `call'
  railties (3.2.21) lib/rails/rack/log_tailer.rb:17:in `call'
  rack (1.4.7) lib/rack/handler/webrick.rb:59:in `service'
  /home/odroid/.rvm/rubies/ruby-2.2.1/lib/ruby/2.2.0/webrick/httpserver.rb:138:in `service'
  /home/odroid/.rvm/rubies/ruby-2.2.1/lib/ruby/2.2.0/webrick/httpserver.rb:94:in `run'
  /home/odroid/.rvm/rubies/ruby-2.2.1/lib/ruby/2.2.0/webrick/server.rb:294:in `block in start_thread'


  Rendered /home/odroid/.rvm/gems/ruby-2.2.1/gems/actionpack-3.2.21/lib/action_dispatch/middleware/templates/rescues/routing_error.erb within rescues/layout (2.5ms)


Started POST "/api/census/RecordHit" for 10.0.0.20 at 2015-11-21 00:39:40 -0700

ActionController::RoutingError (No route matches [POST] "/api/census/RecordHit"):
  actionpack (3.2.21) lib/action_dispatch/middleware/debug_exceptions.rb:21:in `call'
  actionpack (3.2.21) lib/action_dispatch/middleware/show_exceptions.rb:56:in `call'
  railties (3.2.21) lib/rails/rack/logger.rb:32:in `call_app'
  railties (3.2.21) lib/rails/rack/logger.rb:16:in `block in call'
  activesupport (3.2.21) lib/active_support/tagged_logging.rb:22:in `tagged'
  railties (3.2.21) lib/rails/rack/logger.rb:16:in `call'
  actionpack (3.2.21) lib/action_dispatch/middleware/request_id.rb:22:in `call'
  rack (1.4.7) lib/rack/methodoverride.rb:21:in `call'
  rack (1.4.7) lib/rack/runtime.rb:17:in `call'
  activesupport (3.2.21) lib/active_support/cache/strategy/local_cache.rb:72:in `call'
  rack (1.4.7) lib/rack/lock.rb:15:in `call'
  actionpack (3.2.21) lib/action_dispatch/middleware/static.rb:83:in `call'
  railties (3.2.21) lib/rails/engine.rb:484:in `call'
  railties (3.2.21) lib/rails/application.rb:231:in `call'
  rack (1.4.7) lib/rack/content_length.rb:14:in `call'
  railties (3.2.21) lib/rails/rack/log_tailer.rb:17:in `call'
  rack (1.4.7) lib/rack/handler/webrick.rb:59:in `service'
  /home/odroid/.rvm/rubies/ruby-2.2.1/lib/ruby/2.2.0/webrick/httpserver.rb:138:in `service'
  /home/odroid/.rvm/rubies/ruby-2.2.1/lib/ruby/2.2.0/webrick/httpserver.rb:94:in `run'
  /home/odroid/.rvm/rubies/ruby-2.2.1/lib/ruby/2.2.0/webrick/server.rb:294:in `block in start_thread'


  Rendered /home/odroid/.rvm/gems/ruby-2.2.1/gems/actionpack-3.2.21/lib/action_dispatch/middleware/templates/rescues/routing_error.erb within rescues/layout (2.5ms)


Started POST "/api/census/RecordHit" for 10.0.0.20 at 2015-11-21 00:39:44 -0700

ActionController::RoutingError (No route matches [POST] "/api/census/RecordHit"):
  actionpack (3.2.21) lib/action_dispatch/middleware/debug_exceptions.rb:21:in `call'
  actionpack (3.2.21) lib/action_dispatch/middleware/show_exceptions.rb:56:in `call'
  railties (3.2.21) lib/rails/rack/logger.rb:32:in `call_app'
  railties (3.2.21) lib/rails/rack/logger.rb:16:in `block in call'
  activesupport (3.2.21) lib/active_support/tagged_logging.rb:22:in `tagged'
  railties (3.2.21) lib/rails/rack/logger.rb:16:in `call'
  actionpack (3.2.21) lib/action_dispatch/middleware/request_id.rb:22:in `call'
  rack (1.4.7) lib/rack/methodoverride.rb:21:in `call'
  rack (1.4.7) lib/rack/runtime.rb:17:in `call'
  activesupport (3.2.21) lib/active_support/cache/strategy/local_cache.rb:72:in `call'
  rack (1.4.7) lib/rack/lock.rb:15:in `call'
  actionpack (3.2.21) lib/action_dispatch/middleware/static.rb:83:in `call'
  railties (3.2.21) lib/rails/engine.rb:484:in `call'
  railties (3.2.21) lib/rails/application.rb:231:in `call'
  rack (1.4.7) lib/rack/content_length.rb:14:in `call'
  railties (3.2.21) lib/rails/rack/log_tailer.rb:17:in `call'
  rack (1.4.7) lib/rack/handler/webrick.rb:59:in `service'
  /home/odroid/.rvm/rubies/ruby-2.2.1/lib/ruby/2.2.0/webrick/httpserver.rb:138:in `service'
  /home/odroid/.rvm/rubies/ruby-2.2.1/lib/ruby/2.2.0/webrick/httpserver.rb:94:in `run'
  /home/odroid/.rvm/rubies/ruby-2.2.1/lib/ruby/2.2.0/webrick/server.rb:294:in `block in start_thread'


  Rendered /home/odroid/.rvm/gems/ruby-2.2.1/gems/actionpack-3.2.21/lib/action_dispatch/middleware/templates/rescues/routing_error.erb within rescues/layout (2.6ms)


Started GET "/" for 10.0.0.20 at 2015-11-21 00:40:19 -0700
Processing by StaticPagesController#show as HTML
  Parameters: {"page"=>"home"}
  Rendered pages/home.html.erb within layouts/application (0.3ms)
Completed 200 OK in 16.2ms (Views: 15.7ms | ActiveRecord: 0.0ms)


Started GET "/assets/application.js?body=1" for 10.0.0.20 at 2015-11-21 00:40:19 -0700
Served asset /application.js - 304 Not Modified (4ms)


Started GET "/assets/jquery_ujs.js?body=1" for 10.0.0.20 at 2015-11-21 00:40:19 -0700
Served asset /jquery_ujs.js - 304 Not Modified (0ms)


Started GET "/assets/jquery.js?body=1" for 10.0.0.20 at 2015-11-21 00:40:19 -0700
Served asset /jquery.js - 304 Not Modified (3ms)


Started GET "/assets/application.css?body=1" for 10.0.0.20 at 2015-11-21 00:40:19 -0700
Served asset /application.css - 304 Not Modified (0ms)


Started GET "/universal/svg/social-accounts.svg" for 10.0.0.20 at 2015-11-21 00:40:20 -0700

ActionController::RoutingError (No route matches [GET] "/universal/svg/social-accounts.svg"):
  actionpack (3.2.21) lib/action_dispatch/middleware/debug_exceptions.rb:21:in `call'
  actionpack (3.2.21) lib/action_dispatch/middleware/show_exceptions.rb:56:in `call'
  railties (3.2.21) lib/rails/rack/logger.rb:32:in `call_app'
  railties (3.2.21) lib/rails/rack/logger.rb:16:in `block in call'
  activesupport (3.2.21) lib/active_support/tagged_logging.rb:22:in `tagged'
  railties (3.2.21) lib/rails/rack/logger.rb:16:in `call'
  actionpack (3.2.21) lib/action_dispatch/middleware/request_id.rb:22:in `call'
  rack (1.4.7) lib/rack/methodoverride.rb:21:in `call'
  rack (1.4.7) lib/rack/runtime.rb:17:in `call'
  activesupport (3.2.21) lib/active_support/cache/strategy/local_cache.rb:72:in `call'
  rack (1.4.7) lib/rack/lock.rb:15:in `call'
  actionpack (3.2.21) lib/action_dispatch/middleware/static.rb:83:in `call'
  railties (3.2.21) lib/rails/engine.rb:484:in `call'
  railties (3.2.21) lib/rails/application.rb:231:in `call'
  rack (1.4.7) lib/rack/content_length.rb:14:in `call'
  railties (3.2.21) lib/rails/rack/log_tailer.rb:17:in `call'
  rack (1.4.7) lib/rack/handler/webrick.rb:59:in `service'
  /home/odroid/.rvm/rubies/ruby-2.2.1/lib/ruby/2.2.0/webrick/httpserver.rb:138:in `service'
  /home/odroid/.rvm/rubies/ruby-2.2.1/lib/ruby/2.2.0/webrick/httpserver.rb:94:in `run'
  /home/odroid/.rvm/rubies/ruby-2.2.1/lib/ruby/2.2.0/webrick/server.rb:294:in `block in start_thread'


  Rendered /home/odroid/.rvm/gems/ruby-2.2.1/gems/actionpack-3.2.21/lib/action_dispatch/middleware/templates/rescues/routing_error.erb within rescues/layout (2.6ms)


Started POST "/api/census/RecordHit" for 10.0.0.20 at 2015-11-21 00:40:20 -0700

ActionController::RoutingError (No route matches [POST] "/api/census/RecordHit"):
  actionpack (3.2.21) lib/action_dispatch/middleware/debug_exceptions.rb:21:in `call'
  actionpack (3.2.21) lib/action_dispatch/middleware/show_exceptions.rb:56:in `call'
  railties (3.2.21) lib/rails/rack/logger.rb:32:in `call_app'
  railties (3.2.21) lib/rails/rack/logger.rb:16:in `block in call'
  activesupport (3.2.21) lib/active_support/tagged_logging.rb:22:in `tagged'
  railties (3.2.21) lib/rails/rack/logger.rb:16:in `call'
  actionpack (3.2.21) lib/action_dispatch/middleware/request_id.rb:22:in `call'
  rack (1.4.7) lib/rack/methodoverride.rb:21:in `call'
  rack (1.4.7) lib/rack/runtime.rb:17:in `call'
  activesupport (3.2.21) lib/active_support/cache/strategy/local_cache.rb:72:in `call'
  rack (1.4.7) lib/rack/lock.rb:15:in `call'
  actionpack (3.2.21) lib/action_dispatch/middleware/static.rb:83:in `call'
  railties (3.2.21) lib/rails/engine.rb:484:in `call'
  railties (3.2.21) lib/rails/application.rb:231:in `call'
  rack (1.4.7) lib/rack/content_length.rb:14:in `call'
  railties (3.2.21) lib/rails/rack/log_tailer.rb:17:in `call'
  rack (1.4.7) lib/rack/handler/webrick.rb:59:in `service'
  /home/odroid/.rvm/rubies/ruby-2.2.1/lib/ruby/2.2.0/webrick/httpserver.rb:138:in `service'
  /home/odroid/.rvm/rubies/ruby-2.2.1/lib/ruby/2.2.0/webrick/httpserver.rb:94:in `run'
  /home/odroid/.rvm/rubies/ruby-2.2.1/lib/ruby/2.2.0/webrick/server.rb:294:in `block in start_thread'


  Rendered /home/odroid/.rvm/gems/ruby-2.2.1/gems/actionpack-3.2.21/lib/action_dispatch/middleware/templates/rescues/routing_error.erb within rescues/layout (2.4ms)


Started POST "/api/census/RecordHit" for 10.0.0.20 at 2015-11-21 00:40:25 -0700

ActionController::RoutingError (No route matches [POST] "/api/census/RecordHit"):
  actionpack (3.2.21) lib/action_dispatch/middleware/debug_exceptions.rb:21:in `call'
  actionpack (3.2.21) lib/action_dispatch/middleware/show_exceptions.rb:56:in `call'
  railties (3.2.21) lib/rails/rack/logger.rb:32:in `call_app'
  railties (3.2.21) lib/rails/rack/logger.rb:16:in `block in call'
  activesupport (3.2.21) lib/active_support/tagged_logging.rb:22:in `tagged'
  railties (3.2.21) lib/rails/rack/logger.rb:16:in `call'
  actionpack (3.2.21) lib/action_dispatch/middleware/request_id.rb:22:in `call'
  rack (1.4.7) lib/rack/methodoverride.rb:21:in `call'
  rack (1.4.7) lib/rack/runtime.rb:17:in `call'
  activesupport (3.2.21) lib/active_support/cache/strategy/local_cache.rb:72:in `call'
  rack (1.4.7) lib/rack/lock.rb:15:in `call'
  actionpack (3.2.21) lib/action_dispatch/middleware/static.rb:83:in `call'
  railties (3.2.21) lib/rails/engine.rb:484:in `call'
  railties (3.2.21) lib/rails/application.rb:231:in `call'
  rack (1.4.7) lib/rack/content_length.rb:14:in `call'
  railties (3.2.21) lib/rails/rack/log_tailer.rb:17:in `call'
  rack (1.4.7) lib/rack/handler/webrick.rb:59:in `service'
  /home/odroid/.rvm/rubies/ruby-2.2.1/lib/ruby/2.2.0/webrick/httpserver.rb:138:in `service'
  /home/odroid/.rvm/rubies/ruby-2.2.1/lib/ruby/2.2.0/webrick/httpserver.rb:94:in `run'
  /home/odroid/.rvm/rubies/ruby-2.2.1/lib/ruby/2.2.0/webrick/server.rb:294:in `block in start_thread'


  Rendered /home/odroid/.rvm/gems/ruby-2.2.1/gems/actionpack-3.2.21/lib/action_dispatch/middleware/templates/rescues/routing_error.erb within rescues/layout (2.5ms)


Started GET "/" for 10.0.0.20 at 2015-11-21 00:41:02 -0700
Processing by StaticPagesController#show as HTML
  Parameters: {"page"=>"home"}
  Rendered pages/home.html.erb within layouts/application (0.3ms)
Completed 200 OK in 19.0ms (Views: 18.5ms | ActiveRecord: 0.0ms)


Started GET "/assets/application.css?body=1" for 10.0.0.20 at 2015-11-21 00:41:02 -0700
Served asset /application.css - 304 Not Modified (0ms)


Started GET "/assets/application.js?body=1" for 10.0.0.20 at 2015-11-21 00:41:02 -0700
Served asset /application.js - 304 Not Modified (4ms)


Started GET "/assets/jquery.js?body=1" for 10.0.0.20 at 2015-11-21 00:41:02 -0700
Served asset /jquery.js - 304 Not Modified (3ms)


Started GET "/assets/jquery_ujs.js?body=1" for 10.0.0.20 at 2015-11-21 00:41:02 -0700
Served asset /jquery_ujs.js - 304 Not Modified (0ms)


Started GET "/universal/svg/social-accounts.svg" for 10.0.0.20 at 2015-11-21 00:41:03 -0700

ActionController::RoutingError (No route matches [GET] "/universal/svg/social-accounts.svg"):
  actionpack (3.2.21) lib/action_dispatch/middleware/debug_exceptions.rb:21:in `call'
  actionpack (3.2.21) lib/action_dispatch/middleware/show_exceptions.rb:56:in `call'
  railties (3.2.21) lib/rails/rack/logger.rb:32:in `call_app'
  railties (3.2.21) lib/rails/rack/logger.rb:16:in `block in call'
  activesupport (3.2.21) lib/active_support/tagged_logging.rb:22:in `tagged'
  railties (3.2.21) lib/rails/rack/logger.rb:16:in `call'
  actionpack (3.2.21) lib/action_dispatch/middleware/request_id.rb:22:in `call'
  rack (1.4.7) lib/rack/methodoverride.rb:21:in `call'
  rack (1.4.7) lib/rack/runtime.rb:17:in `call'
  activesupport (3.2.21) lib/active_support/cache/strategy/local_cache.rb:72:in `call'
  rack (1.4.7) lib/rack/lock.rb:15:in `call'
  actionpack (3.2.21) lib/action_dispatch/middleware/static.rb:83:in `call'
  railties (3.2.21) lib/rails/engine.rb:484:in `call'
  railties (3.2.21) lib/rails/application.rb:231:in `call'
  rack (1.4.7) lib/rack/content_length.rb:14:in `call'
  railties (3.2.21) lib/rails/rack/log_tailer.rb:17:in `call'
  rack (1.4.7) lib/rack/handler/webrick.rb:59:in `service'
  /home/odroid/.rvm/rubies/ruby-2.2.1/lib/ruby/2.2.0/webrick/httpserver.rb:138:in `service'
  /home/odroid/.rvm/rubies/ruby-2.2.1/lib/ruby/2.2.0/webrick/httpserver.rb:94:in `run'
  /home/odroid/.rvm/rubies/ruby-2.2.1/lib/ruby/2.2.0/webrick/server.rb:294:in `block in start_thread'


  Rendered /home/odroid/.rvm/gems/ruby-2.2.1/gems/actionpack-3.2.21/lib/action_dispatch/middleware/templates/rescues/routing_error.erb within rescues/layout (2.5ms)


Started POST "/api/census/RecordHit" for 10.0.0.20 at 2015-11-21 00:41:03 -0700

ActionController::RoutingError (No route matches [POST] "/api/census/RecordHit"):
  actionpack (3.2.21) lib/action_dispatch/middleware/debug_exceptions.rb:21:in `call'
  actionpack (3.2.21) lib/action_dispatch/middleware/show_exceptions.rb:56:in `call'
  railties (3.2.21) lib/rails/rack/logger.rb:32:in `call_app'
  railties (3.2.21) lib/rails/rack/logger.rb:16:in `block in call'
  activesupport (3.2.21) lib/active_support/tagged_logging.rb:22:in `tagged'
  railties (3.2.21) lib/rails/rack/logger.rb:16:in `call'
  actionpack (3.2.21) lib/action_dispatch/middleware/request_id.rb:22:in `call'
  rack (1.4.7) lib/rack/methodoverride.rb:21:in `call'
  rack (1.4.7) lib/rack/runtime.rb:17:in `call'
  activesupport (3.2.21) lib/active_support/cache/strategy/local_cache.rb:72:in `call'
  rack (1.4.7) lib/rack/lock.rb:15:in `call'
  actionpack (3.2.21) lib/action_dispatch/middleware/static.rb:83:in `call'
  railties (3.2.21) lib/rails/engine.rb:484:in `call'
  railties (3.2.21) lib/rails/application.rb:231:in `call'
  rack (1.4.7) lib/rack/content_length.rb:14:in `call'
  railties (3.2.21) lib/rails/rack/log_tailer.rb:17:in `call'
  rack (1.4.7) lib/rack/handler/webrick.rb:59:in `service'
  /home/odroid/.rvm/rubies/ruby-2.2.1/lib/ruby/2.2.0/webrick/httpserver.rb:138:in `service'
  /home/odroid/.rvm/rubies/ruby-2.2.1/lib/ruby/2.2.0/webrick/httpserver.rb:94:in `run'
  /home/odroid/.rvm/rubies/ruby-2.2.1/lib/ruby/2.2.0/webrick/server.rb:294:in `block in start_thread'


  Rendered /home/odroid/.rvm/gems/ruby-2.2.1/gems/actionpack-3.2.21/lib/action_dispatch/middleware/templates/rescues/routing_error.erb within rescues/layout (2.9ms)


Started GET "/assets/favicon.ico" for 10.0.0.20 at 2015-11-21 00:41:04 -0700
Served asset /favicon.ico - 200 OK (12ms)


Started POST "/api/census/RecordHit" for 10.0.0.20 at 2015-11-21 00:41:05 -0700

ActionController::RoutingError (No route matches [POST] "/api/census/RecordHit"):
  actionpack (3.2.21) lib/action_dispatch/middleware/debug_exceptions.rb:21:in `call'
  actionpack (3.2.21) lib/action_dispatch/middleware/show_exceptions.rb:56:in `call'
  railties (3.2.21) lib/rails/rack/logger.rb:32:in `call_app'
  railties (3.2.21) lib/rails/rack/logger.rb:16:in `block in call'
  activesupport (3.2.21) lib/active_support/tagged_logging.rb:22:in `tagged'
  railties (3.2.21) lib/rails/rack/logger.rb:16:in `call'
  actionpack (3.2.21) lib/action_dispatch/middleware/request_id.rb:22:in `call'
  rack (1.4.7) lib/rack/methodoverride.rb:21:in `call'
  rack (1.4.7) lib/rack/runtime.rb:17:in `call'
  activesupport (3.2.21) lib/active_support/cache/strategy/local_cache.rb:72:in `call'
  rack (1.4.7) lib/rack/lock.rb:15:in `call'
  actionpack (3.2.21) lib/action_dispatch/middleware/static.rb:83:in `call'
  railties (3.2.21) lib/rails/engine.rb:484:in `call'
  railties (3.2.21) lib/rails/application.rb:231:in `call'
  rack (1.4.7) lib/rack/content_length.rb:14:in `call'
  railties (3.2.21) lib/rails/rack/log_tailer.rb:17:in `call'
  rack (1.4.7) lib/rack/handler/webrick.rb:59:in `service'
  /home/odroid/.rvm/rubies/ruby-2.2.1/lib/ruby/2.2.0/webrick/httpserver.rb:138:in `service'
  /home/odroid/.rvm/rubies/ruby-2.2.1/lib/ruby/2.2.0/webrick/httpserver.rb:94:in `run'
  /home/odroid/.rvm/rubies/ruby-2.2.1/lib/ruby/2.2.0/webrick/server.rb:294:in `block in start_thread'


  Rendered /home/odroid/.rvm/gems/ruby-2.2.1/gems/actionpack-3.2.21/lib/action_dispatch/middleware/templates/rescues/routing_error.erb within rescues/layout (2.3ms)


Started POST "/api/census/RecordHit" for 10.0.0.20 at 2015-11-21 00:41:11 -0700

ActionController::RoutingError (No route matches [POST] "/api/census/RecordHit"):
  actionpack (3.2.21) lib/action_dispatch/middleware/debug_exceptions.rb:21:in `call'
  actionpack (3.2.21) lib/action_dispatch/middleware/show_exceptions.rb:56:in `call'
  railties (3.2.21) lib/rails/rack/logger.rb:32:in `call_app'
  railties (3.2.21) lib/rails/rack/logger.rb:16:in `block in call'
  activesupport (3.2.21) lib/active_support/tagged_logging.rb:22:in `tagged'
  railties (3.2.21) lib/rails/rack/logger.rb:16:in `call'
  actionpack (3.2.21) lib/action_dispatch/middleware/request_id.rb:22:in `call'
  rack (1.4.7) lib/rack/methodoverride.rb:21:in `call'
  rack (1.4.7) lib/rack/runtime.rb:17:in `call'
  activesupport (3.2.21) lib/active_support/cache/strategy/local_cache.rb:72:in `call'
  rack (1.4.7) lib/rack/lock.rb:15:in `call'
  actionpack (3.2.21) lib/action_dispatch/middleware/static.rb:83:in `call'
  railties (3.2.21) lib/rails/engine.rb:484:in `call'
  railties (3.2.21) lib/rails/application.rb:231:in `call'
  rack (1.4.7) lib/rack/content_length.rb:14:in `call'
  railties (3.2.21) lib/rails/rack/log_tailer.rb:17:in `call'
  rack (1.4.7) lib/rack/handler/webrick.rb:59:in `service'
  /home/odroid/.rvm/rubies/ruby-2.2.1/lib/ruby/2.2.0/webrick/httpserver.rb:138:in `service'
  /home/odroid/.rvm/rubies/ruby-2.2.1/lib/ruby/2.2.0/webrick/httpserver.rb:94:in `run'
  /home/odroid/.rvm/rubies/ruby-2.2.1/lib/ruby/2.2.0/webrick/server.rb:294:in `block in start_thread'


  Rendered /home/odroid/.rvm/gems/ruby-2.2.1/gems/actionpack-3.2.21/lib/action_dispatch/middleware/templates/rescues/routing_error.erb within rescues/layout (2.5ms)


Started POST "/api/census/RecordHit" for 10.0.0.20 at 2015-11-21 00:41:44 -0700
Connecting to database specified by database.yml

ActionController::RoutingError (No route matches [POST] "/api/census/RecordHit"):
  actionpack (3.2.21) lib/action_dispatch/middleware/debug_exceptions.rb:21:in `call'
  actionpack (3.2.21) lib/action_dispatch/middleware/show_exceptions.rb:56:in `call'
  railties (3.2.21) lib/rails/rack/logger.rb:32:in `call_app'
  railties (3.2.21) lib/rails/rack/logger.rb:16:in `block in call'
  activesupport (3.2.21) lib/active_support/tagged_logging.rb:22:in `tagged'
  railties (3.2.21) lib/rails/rack/logger.rb:16:in `call'
  actionpack (3.2.21) lib/action_dispatch/middleware/request_id.rb:22:in `call'
  rack (1.4.7) lib/rack/methodoverride.rb:21:in `call'
  rack (1.4.7) lib/rack/runtime.rb:17:in `call'
  activesupport (3.2.21) lib/active_support/cache/strategy/local_cache.rb:72:in `call'
  rack (1.4.7) lib/rack/lock.rb:15:in `call'
  actionpack (3.2.21) lib/action_dispatch/middleware/static.rb:83:in `call'
  railties (3.2.21) lib/rails/engine.rb:484:in `call'
  railties (3.2.21) lib/rails/application.rb:231:in `call'
  rack (1.4.7) lib/rack/content_length.rb:14:in `call'
  railties (3.2.21) lib/rails/rack/log_tailer.rb:17:in `call'
  rack (1.4.7) lib/rack/handler/webrick.rb:59:in `service'
  /home/odroid/.rvm/rubies/ruby-2.2.1/lib/ruby/2.2.0/webrick/httpserver.rb:138:in `service'
  /home/odroid/.rvm/rubies/ruby-2.2.1/lib/ruby/2.2.0/webrick/httpserver.rb:94:in `run'
  /home/odroid/.rvm/rubies/ruby-2.2.1/lib/ruby/2.2.0/webrick/server.rb:294:in `block in start_thread'


  Rendered /home/odroid/.rvm/gems/ruby-2.2.1/gems/actionpack-3.2.21/lib/action_dispatch/middleware/templates/rescues/routing_error.erb within rescues/layout (5.8ms)


Started GET "/" for 10.0.0.20 at 2015-11-21 00:41:46 -0700
Processing by StaticPagesController#show as HTML
  Parameters: {"page"=>"home"}
  Rendered pages/home.html.erb within layouts/application (11.7ms)
Completed 200 OK in 91.2ms (Views: 89.6ms | ActiveRecord: 0.0ms)


Started GET "/assets/application.css?body=1" for 10.0.0.20 at 2015-11-21 00:41:46 -0700
Served asset /application.css - 304 Not Modified (7ms)


Started GET "/assets/jquery_ujs.js?body=1" for 10.0.0.20 at 2015-11-21 00:41:46 -0700
Served asset /jquery_ujs.js - 304 Not Modified (7ms)


Started GET "/assets/application.js?body=1" for 10.0.0.20 at 2015-11-21 00:41:46 -0700
Served asset /application.js - 304 Not Modified (20ms)


Started GET "/assets/jquery.js?body=1" for 10.0.0.20 at 2015-11-21 00:41:46 -0700
Served asset /jquery.js - 304 Not Modified (12ms)


Started GET "/universal/svg/social-accounts.svg" for 10.0.0.20 at 2015-11-21 00:41:47 -0700

ActionController::RoutingError (No route matches [GET] "/universal/svg/social-accounts.svg"):
  actionpack (3.2.21) lib/action_dispatch/middleware/debug_exceptions.rb:21:in `call'
  actionpack (3.2.21) lib/action_dispatch/middleware/show_exceptions.rb:56:in `call'
  railties (3.2.21) lib/rails/rack/logger.rb:32:in `call_app'
  railties (3.2.21) lib/rails/rack/logger.rb:16:in `block in call'
  activesupport (3.2.21) lib/active_support/tagged_logging.rb:22:in `tagged'
  railties (3.2.21) lib/rails/rack/logger.rb:16:in `call'
  actionpack (3.2.21) lib/action_dispatch/middleware/request_id.rb:22:in `call'
  rack (1.4.7) lib/rack/methodoverride.rb:21:in `call'
  rack (1.4.7) lib/rack/runtime.rb:17:in `call'
  activesupport (3.2.21) lib/active_support/cache/strategy/local_cache.rb:72:in `call'
  rack (1.4.7) lib/rack/lock.rb:15:in `call'
  actionpack (3.2.21) lib/action_dispatch/middleware/static.rb:83:in `call'
  railties (3.2.21) lib/rails/engine.rb:484:in `call'
  railties (3.2.21) lib/rails/application.rb:231:in `call'
  rack (1.4.7) lib/rack/content_length.rb:14:in `call'
  railties (3.2.21) lib/rails/rack/log_tailer.rb:17:in `call'
  rack (1.4.7) lib/rack/handler/webrick.rb:59:in `service'
  /home/odroid/.rvm/rubies/ruby-2.2.1/lib/ruby/2.2.0/webrick/httpserver.rb:138:in `service'
  /home/odroid/.rvm/rubies/ruby-2.2.1/lib/ruby/2.2.0/webrick/httpserver.rb:94:in `run'
  /home/odroid/.rvm/rubies/ruby-2.2.1/lib/ruby/2.2.0/webrick/server.rb:294:in `block in start_thread'


  Rendered /home/odroid/.rvm/gems/ruby-2.2.1/gems/actionpack-3.2.21/lib/action_dispatch/middleware/templates/rescues/routing_error.erb within rescues/layout (2.5ms)


Started POST "/api/census/RecordHit" for 10.0.0.20 at 2015-11-21 00:41:47 -0700

ActionController::RoutingError (No route matches [POST] "/api/census/RecordHit"):
  actionpack (3.2.21) lib/action_dispatch/middleware/debug_exceptions.rb:21:in `call'
  actionpack (3.2.21) lib/action_dispatch/middleware/show_exceptions.rb:56:in `call'
  railties (3.2.21) lib/rails/rack/logger.rb:32:in `call_app'
  railties (3.2.21) lib/rails/rack/logger.rb:16:in `block in call'
  activesupport (3.2.21) lib/active_support/tagged_logging.rb:22:in `tagged'
  railties (3.2.21) lib/rails/rack/logger.rb:16:in `call'
  actionpack (3.2.21) lib/action_dispatch/middleware/request_id.rb:22:in `call'
  rack (1.4.7) lib/rack/methodoverride.rb:21:in `call'
  rack (1.4.7) lib/rack/runtime.rb:17:in `call'
  activesupport (3.2.21) lib/active_support/cache/strategy/local_cache.rb:72:in `call'
  rack (1.4.7) lib/rack/lock.rb:15:in `call'
  actionpack (3.2.21) lib/action_dispatch/middleware/static.rb:83:in `call'
  railties (3.2.21) lib/rails/engine.rb:484:in `call'
  railties (3.2.21) lib/rails/application.rb:231:in `call'
  rack (1.4.7) lib/rack/content_length.rb:14:in `call'
  railties (3.2.21) lib/rails/rack/log_tailer.rb:17:in `call'
  rack (1.4.7) lib/rack/handler/webrick.rb:59:in `service'
  /home/odroid/.rvm/rubies/ruby-2.2.1/lib/ruby/2.2.0/webrick/httpserver.rb:138:in `service'
  /home/odroid/.rvm/rubies/ruby-2.2.1/lib/ruby/2.2.0/webrick/httpserver.rb:94:in `run'
  /home/odroid/.rvm/rubies/ruby-2.2.1/lib/ruby/2.2.0/webrick/server.rb:294:in `block in start_thread'


  Rendered /home/odroid/.rvm/gems/ruby-2.2.1/gems/actionpack-3.2.21/lib/action_dispatch/middleware/templates/rescues/routing_error.erb within rescues/layout (2.5ms)


Started GET "/assets/favicon.ico" for 10.0.0.20 at 2015-11-21 00:41:48 -0700
Served asset /favicon.ico - 200 OK (5ms)


Started POST "/api/census/RecordHit" for 10.0.0.20 at 2015-11-21 00:41:51 -0700

ActionController::RoutingError (No route matches [POST] "/api/census/RecordHit"):
  actionpack (3.2.21) lib/action_dispatch/middleware/debug_exceptions.rb:21:in `call'
  actionpack (3.2.21) lib/action_dispatch/middleware/show_exceptions.rb:56:in `call'
  railties (3.2.21) lib/rails/rack/logger.rb:32:in `call_app'
  railties (3.2.21) lib/rails/rack/logger.rb:16:in `block in call'
  activesupport (3.2.21) lib/active_support/tagged_logging.rb:22:in `tagged'
  railties (3.2.21) lib/rails/rack/logger.rb:16:in `call'
  actionpack (3.2.21) lib/action_dispatch/middleware/request_id.rb:22:in `call'
  rack (1.4.7) lib/rack/methodoverride.rb:21:in `call'
  rack (1.4.7) lib/rack/runtime.rb:17:in `call'
  activesupport (3.2.21) lib/active_support/cache/strategy/local_cache.rb:72:in `call'
  rack (1.4.7) lib/rack/lock.rb:15:in `call'
  actionpack (3.2.21) lib/action_dispatch/middleware/static.rb:83:in `call'
  railties (3.2.21) lib/rails/engine.rb:484:in `call'
  railties (3.2.21) lib/rails/application.rb:231:in `call'
  rack (1.4.7) lib/rack/content_length.rb:14:in `call'
  railties (3.2.21) lib/rails/rack/log_tailer.rb:17:in `call'
  rack (1.4.7) lib/rack/handler/webrick.rb:59:in `service'
  /home/odroid/.rvm/rubies/ruby-2.2.1/lib/ruby/2.2.0/webrick/httpserver.rb:138:in `service'
  /home/odroid/.rvm/rubies/ruby-2.2.1/lib/ruby/2.2.0/webrick/httpserver.rb:94:in `run'
  /home/odroid/.rvm/rubies/ruby-2.2.1/lib/ruby/2.2.0/webrick/server.rb:294:in `block in start_thread'


  Rendered /home/odroid/.rvm/gems/ruby-2.2.1/gems/actionpack-3.2.21/lib/action_dispatch/middleware/templates/rescues/routing_error.erb within rescues/layout (2.5ms)


Started GET "/information/" for 10.0.0.20 at 2015-11-21 00:42:15 -0700

ActionController::RoutingError (No route matches [GET] "/information"):
  actionpack (3.2.21) lib/action_dispatch/middleware/debug_exceptions.rb:21:in `call'
  actionpack (3.2.21) lib/action_dispatch/middleware/show_exceptions.rb:56:in `call'
  railties (3.2.21) lib/rails/rack/logger.rb:32:in `call_app'
  railties (3.2.21) lib/rails/rack/logger.rb:16:in `block in call'
  activesupport (3.2.21) lib/active_support/tagged_logging.rb:22:in `tagged'
  railties (3.2.21) lib/rails/rack/logger.rb:16:in `call'
  actionpack (3.2.21) lib/action_dispatch/middleware/request_id.rb:22:in `call'
  rack (1.4.7) lib/rack/methodoverride.rb:21:in `call'
  rack (1.4.7) lib/rack/runtime.rb:17:in `call'
  activesupport (3.2.21) lib/active_support/cache/strategy/local_cache.rb:72:in `call'
  rack (1.4.7) lib/rack/lock.rb:15:in `call'
  actionpack (3.2.21) lib/action_dispatch/middleware/static.rb:83:in `call'
  railties (3.2.21) lib/rails/engine.rb:484:in `call'
  railties (3.2.21) lib/rails/application.rb:231:in `call'
  rack (1.4.7) lib/rack/content_length.rb:14:in `call'
  railties (3.2.21) lib/rails/rack/log_tailer.rb:17:in `call'
  rack (1.4.7) lib/rack/handler/webrick.rb:59:in `service'
  /home/odroid/.rvm/rubies/ruby-2.2.1/lib/ruby/2.2.0/webrick/httpserver.rb:138:in `service'
  /home/odroid/.rvm/rubies/ruby-2.2.1/lib/ruby/2.2.0/webrick/httpserver.rb:94:in `run'
  /home/odroid/.rvm/rubies/ruby-2.2.1/lib/ruby/2.2.0/webrick/server.rb:294:in `block in start_thread'


  Rendered /home/odroid/.rvm/gems/ruby-2.2.1/gems/actionpack-3.2.21/lib/action_dispatch/middleware/templates/rescues/routing_error.erb within rescues/layout (2.6ms)


Started POST "/api/census/RecordHit" for 10.0.0.20 at 2015-11-21 00:42:15 -0700

ActionController::RoutingError (No route matches [POST] "/api/census/RecordHit"):
  actionpack (3.2.21) lib/action_dispatch/middleware/debug_exceptions.rb:21:in `call'
  actionpack (3.2.21) lib/action_dispatch/middleware/show_exceptions.rb:56:in `call'
  railties (3.2.21) lib/rails/rack/logger.rb:32:in `call_app'
  railties (3.2.21) lib/rails/rack/logger.rb:16:in `block in call'
  activesupport (3.2.21) lib/active_support/tagged_logging.rb:22:in `tagged'
  railties (3.2.21) lib/rails/rack/logger.rb:16:in `call'
  actionpack (3.2.21) lib/action_dispatch/middleware/request_id.rb:22:in `call'
  rack (1.4.7) lib/rack/methodoverride.rb:21:in `call'
  rack (1.4.7) lib/rack/runtime.rb:17:in `call'
  activesupport (3.2.21) lib/active_support/cache/strategy/local_cache.rb:72:in `call'
  rack (1.4.7) lib/rack/lock.rb:15:in `call'
  actionpack (3.2.21) lib/action_dispatch/middleware/static.rb:83:in `call'
  railties (3.2.21) lib/rails/engine.rb:484:in `call'
  railties (3.2.21) lib/rails/application.rb:231:in `call'
  rack (1.4.7) lib/rack/content_length.rb:14:in `call'
  railties (3.2.21) lib/rails/rack/log_tailer.rb:17:in `call'
  rack (1.4.7) lib/rack/handler/webrick.rb:59:in `service'
  /home/odroid/.rvm/rubies/ruby-2.2.1/lib/ruby/2.2.0/webrick/httpserver.rb:138:in `service'
  /home/odroid/.rvm/rubies/ruby-2.2.1/lib/ruby/2.2.0/webrick/httpserver.rb:94:in `run'
  /home/odroid/.rvm/rubies/ruby-2.2.1/lib/ruby/2.2.0/webrick/server.rb:294:in `block in start_thread'


  Rendered /home/odroid/.rvm/gems/ruby-2.2.1/gems/actionpack-3.2.21/lib/action_dispatch/middleware/templates/rescues/routing_error.erb within rescues/layout (2.4ms)


Started POST "/api/census/RecordHit" for 10.0.0.20 at 2015-11-21 00:42:20 -0700

ActionController::RoutingError (No route matches [POST] "/api/census/RecordHit"):
  actionpack (3.2.21) lib/action_dispatch/middleware/debug_exceptions.rb:21:in `call'
  actionpack (3.2.21) lib/action_dispatch/middleware/show_exceptions.rb:56:in `call'
  railties (3.2.21) lib/rails/rack/logger.rb:32:in `call_app'
  railties (3.2.21) lib/rails/rack/logger.rb:16:in `block in call'
  activesupport (3.2.21) lib/active_support/tagged_logging.rb:22:in `tagged'
  railties (3.2.21) lib/rails/rack/logger.rb:16:in `call'
  actionpack (3.2.21) lib/action_dispatch/middleware/request_id.rb:22:in `call'
  rack (1.4.7) lib/rack/methodoverride.rb:21:in `call'
  rack (1.4.7) lib/rack/runtime.rb:17:in `call'
  activesupport (3.2.21) lib/active_support/cache/strategy/local_cache.rb:72:in `call'
  rack (1.4.7) lib/rack/lock.rb:15:in `call'
  actionpack (3.2.21) lib/action_dispatch/middleware/static.rb:83:in `call'
  railties (3.2.21) lib/rails/engine.rb:484:in `call'
  railties (3.2.21) lib/rails/application.rb:231:in `call'
  rack (1.4.7) lib/rack/content_length.rb:14:in `call'
  railties (3.2.21) lib/rails/rack/log_tailer.rb:17:in `call'
  rack (1.4.7) lib/rack/handler/webrick.rb:59:in `service'
  /home/odroid/.rvm/rubies/ruby-2.2.1/lib/ruby/2.2.0/webrick/httpserver.rb:138:in `service'
  /home/odroid/.rvm/rubies/ruby-2.2.1/lib/ruby/2.2.0/webrick/httpserver.rb:94:in `run'
  /home/odroid/.rvm/rubies/ruby-2.2.1/lib/ruby/2.2.0/webrick/server.rb:294:in `block in start_thread'


  Rendered /home/odroid/.rvm/gems/ruby-2.2.1/gems/actionpack-3.2.21/lib/action_dispatch/middleware/templates/rescues/routing_error.erb within rescues/layout (2.6ms)


Started POST "/api/census/RecordHit" for 10.0.0.20 at 2015-11-21 00:42:57 -0700

ActionController::RoutingError (No route matches [POST] "/api/census/RecordHit"):
  actionpack (3.2.21) lib/action_dispatch/middleware/debug_exceptions.rb:21:in `call'
  actionpack (3.2.21) lib/action_dispatch/middleware/show_exceptions.rb:56:in `call'
  railties (3.2.21) lib/rails/rack/logger.rb:32:in `call_app'
  railties (3.2.21) lib/rails/rack/logger.rb:16:in `block in call'
  activesupport (3.2.21) lib/active_support/tagged_logging.rb:22:in `tagged'
  railties (3.2.21) lib/rails/rack/logger.rb:16:in `call'
  actionpack (3.2.21) lib/action_dispatch/middleware/request_id.rb:22:in `call'
  rack (1.4.7) lib/rack/methodoverride.rb:21:in `call'
  rack (1.4.7) lib/rack/runtime.rb:17:in `call'
  activesupport (3.2.21) lib/active_support/cache/strategy/local_cache.rb:72:in `call'
  rack (1.4.7) lib/rack/lock.rb:15:in `call'
  actionpack (3.2.21) lib/action_dispatch/middleware/static.rb:83:in `call'
  railties (3.2.21) lib/rails/engine.rb:484:in `call'
  railties (3.2.21) lib/rails/application.rb:231:in `call'
  rack (1.4.7) lib/rack/content_length.rb:14:in `call'
  railties (3.2.21) lib/rails/rack/log_tailer.rb:17:in `call'
  rack (1.4.7) lib/rack/handler/webrick.rb:59:in `service'
  /home/odroid/.rvm/rubies/ruby-2.2.1/lib/ruby/2.2.0/webrick/httpserver.rb:138:in `service'
  /home/odroid/.rvm/rubies/ruby-2.2.1/lib/ruby/2.2.0/webrick/httpserver.rb:94:in `run'
  /home/odroid/.rvm/rubies/ruby-2.2.1/lib/ruby/2.2.0/webrick/server.rb:294:in `block in start_thread'


  Rendered /home/odroid/.rvm/gems/ruby-2.2.1/gems/actionpack-3.2.21/lib/action_dispatch/middleware/templates/rescues/routing_error.erb within rescues/layout (2.6ms)


Started POST "/api/census/RecordHit" for 10.0.0.20 at 2015-11-21 00:43:18 -0700

ActionController::RoutingError (No route matches [POST] "/api/census/RecordHit"):
  actionpack (3.2.21) lib/action_dispatch/middleware/debug_exceptions.rb:21:in `call'
  actionpack (3.2.21) lib/action_dispatch/middleware/show_exceptions.rb:56:in `call'
  railties (3.2.21) lib/rails/rack/logger.rb:32:in `call_app'
  railties (3.2.21) lib/rails/rack/logger.rb:16:in `block in call'
  activesupport (3.2.21) lib/active_support/tagged_logging.rb:22:in `tagged'
  railties (3.2.21) lib/rails/rack/logger.rb:16:in `call'
  actionpack (3.2.21) lib/action_dispatch/middleware/request_id.rb:22:in `call'
  rack (1.4.7) lib/rack/methodoverride.rb:21:in `call'
  rack (1.4.7) lib/rack/runtime.rb:17:in `call'
  activesupport (3.2.21) lib/active_support/cache/strategy/local_cache.rb:72:in `call'
  rack (1.4.7) lib/rack/lock.rb:15:in `call'
  actionpack (3.2.21) lib/action_dispatch/middleware/static.rb:83:in `call'
  railties (3.2.21) lib/rails/engine.rb:484:in `call'
  railties (3.2.21) lib/rails/application.rb:231:in `call'
  rack (1.4.7) lib/rack/content_length.rb:14:in `call'
  railties (3.2.21) lib/rails/rack/log_tailer.rb:17:in `call'
  rack (1.4.7) lib/rack/handler/webrick.rb:59:in `service'
  /home/odroid/.rvm/rubies/ruby-2.2.1/lib/ruby/2.2.0/webrick/httpserver.rb:138:in `service'
  /home/odroid/.rvm/rubies/ruby-2.2.1/lib/ruby/2.2.0/webrick/httpserver.rb:94:in `run'
  /home/odroid/.rvm/rubies/ruby-2.2.1/lib/ruby/2.2.0/webrick/server.rb:294:in `block in start_thread'


  Rendered /home/odroid/.rvm/gems/ruby-2.2.1/gems/actionpack-3.2.21/lib/action_dispatch/middleware/templates/rescues/routing_error.erb within rescues/layout (2.6ms)


Started POST "/api/census/RecordHit" for 10.0.0.20 at 2015-11-21 00:43:54 -0700

ActionController::RoutingError (No route matches [POST] "/api/census/RecordHit"):
  actionpack (3.2.21) lib/action_dispatch/middleware/debug_exceptions.rb:21:in `call'
  actionpack (3.2.21) lib/action_dispatch/middleware/show_exceptions.rb:56:in `call'
  railties (3.2.21) lib/rails/rack/logger.rb:32:in `call_app'
  railties (3.2.21) lib/rails/rack/logger.rb:16:in `block in call'
  activesupport (3.2.21) lib/active_support/tagged_logging.rb:22:in `tagged'
  railties (3.2.21) lib/rails/rack/logger.rb:16:in `call'
  actionpack (3.2.21) lib/action_dispatch/middleware/request_id.rb:22:in `call'
  rack (1.4.7) lib/rack/methodoverride.rb:21:in `call'
  rack (1.4.7) lib/rack/runtime.rb:17:in `call'
  activesupport (3.2.21) lib/active_support/cache/strategy/local_cache.rb:72:in `call'
  rack (1.4.7) lib/rack/lock.rb:15:in `call'
  actionpack (3.2.21) lib/action_dispatch/middleware/static.rb:83:in `call'
  railties (3.2.21) lib/rails/engine.rb:484:in `call'
  railties (3.2.21) lib/rails/application.rb:231:in `call'
  rack (1.4.7) lib/rack/content_length.rb:14:in `call'
  railties (3.2.21) lib/rails/rack/log_tailer.rb:17:in `call'
  rack (1.4.7) lib/rack/handler/webrick.rb:59:in `service'
  /home/odroid/.rvm/rubies/ruby-2.2.1/lib/ruby/2.2.0/webrick/httpserver.rb:138:in `service'
  /home/odroid/.rvm/rubies/ruby-2.2.1/lib/ruby/2.2.0/webrick/httpserver.rb:94:in `run'
  /home/odroid/.rvm/rubies/ruby-2.2.1/lib/ruby/2.2.0/webrick/server.rb:294:in `block in start_thread'


  Rendered /home/odroid/.rvm/gems/ruby-2.2.1/gems/actionpack-3.2.21/lib/action_dispatch/middleware/templates/rescues/routing_error.erb within rescues/layout (2.5ms)


Started GET "/startup-signup" for 10.0.0.20 at 2015-11-21 00:43:54 -0700

ActionController::RoutingError (No route matches [GET] "/startup-signup"):
  actionpack (3.2.21) lib/action_dispatch/middleware/debug_exceptions.rb:21:in `call'
  actionpack (3.2.21) lib/action_dispatch/middleware/show_exceptions.rb:56:in `call'
  railties (3.2.21) lib/rails/rack/logger.rb:32:in `call_app'
  railties (3.2.21) lib/rails/rack/logger.rb:16:in `block in call'
  activesupport (3.2.21) lib/active_support/tagged_logging.rb:22:in `tagged'
  railties (3.2.21) lib/rails/rack/logger.rb:16:in `call'
  actionpack (3.2.21) lib/action_dispatch/middleware/request_id.rb:22:in `call'
  rack (1.4.7) lib/rack/methodoverride.rb:21:in `call'
  rack (1.4.7) lib/rack/runtime.rb:17:in `call'
  activesupport (3.2.21) lib/active_support/cache/strategy/local_cache.rb:72:in `call'
  rack (1.4.7) lib/rack/lock.rb:15:in `call'
  actionpack (3.2.21) lib/action_dispatch/middleware/static.rb:83:in `call'
  railties (3.2.21) lib/rails/engine.rb:484:in `call'
  railties (3.2.21) lib/rails/application.rb:231:in `call'
  rack (1.4.7) lib/rack/content_length.rb:14:in `call'
  railties (3.2.21) lib/rails/rack/log_tailer.rb:17:in `call'
  rack (1.4.7) lib/rack/handler/webrick.rb:59:in `service'
  /home/odroid/.rvm/rubies/ruby-2.2.1/lib/ruby/2.2.0/webrick/httpserver.rb:138:in `service'
  /home/odroid/.rvm/rubies/ruby-2.2.1/lib/ruby/2.2.0/webrick/httpserver.rb:94:in `run'
  /home/odroid/.rvm/rubies/ruby-2.2.1/lib/ruby/2.2.0/webrick/server.rb:294:in `block in start_thread'


  Rendered /home/odroid/.rvm/gems/ruby-2.2.1/gems/actionpack-3.2.21/lib/action_dispatch/middleware/templates/rescues/routing_error.erb within rescues/layout (2.6ms)


Started POST "/api/census/RecordHit" for 10.0.0.20 at 2015-11-21 00:43:56 -0700

ActionController::RoutingError (No route matches [POST] "/api/census/RecordHit"):
  actionpack (3.2.21) lib/action_dispatch/middleware/debug_exceptions.rb:21:in `call'
  actionpack (3.2.21) lib/action_dispatch/middleware/show_exceptions.rb:56:in `call'
  railties (3.2.21) lib/rails/rack/logger.rb:32:in `call_app'
  railties (3.2.21) lib/rails/rack/logger.rb:16:in `block in call'
  activesupport (3.2.21) lib/active_support/tagged_logging.rb:22:in `tagged'
  railties (3.2.21) lib/rails/rack/logger.rb:16:in `call'
  actionpack (3.2.21) lib/action_dispatch/middleware/request_id.rb:22:in `call'
  rack (1.4.7) lib/rack/methodoverride.rb:21:in `call'
  rack (1.4.7) lib/rack/runtime.rb:17:in `call'
  activesupport (3.2.21) lib/active_support/cache/strategy/local_cache.rb:72:in `call'
  rack (1.4.7) lib/rack/lock.rb:15:in `call'
  actionpack (3.2.21) lib/action_dispatch/middleware/static.rb:83:in `call'
  railties (3.2.21) lib/rails/engine.rb:484:in `call'
  railties (3.2.21) lib/rails/application.rb:231:in `call'
  rack (1.4.7) lib/rack/content_length.rb:14:in `call'
  railties (3.2.21) lib/rails/rack/log_tailer.rb:17:in `call'
  rack (1.4.7) lib/rack/handler/webrick.rb:59:in `service'
  /home/odroid/.rvm/rubies/ruby-2.2.1/lib/ruby/2.2.0/webrick/httpserver.rb:138:in `service'
  /home/odroid/.rvm/rubies/ruby-2.2.1/lib/ruby/2.2.0/webrick/httpserver.rb:94:in `run'
  /home/odroid/.rvm/rubies/ruby-2.2.1/lib/ruby/2.2.0/webrick/server.rb:294:in `block in start_thread'


  Rendered /home/odroid/.rvm/gems/ruby-2.2.1/gems/actionpack-3.2.21/lib/action_dispatch/middleware/templates/rescues/routing_error.erb within rescues/layout (2.5ms)


Started POST "/api/census/RecordHit" for 10.0.0.20 at 2015-11-21 00:43:56 -0700

ActionController::RoutingError (No route matches [POST] "/api/census/RecordHit"):
  actionpack (3.2.21) lib/action_dispatch/middleware/debug_exceptions.rb:21:in `call'
  actionpack (3.2.21) lib/action_dispatch/middleware/show_exceptions.rb:56:in `call'
  railties (3.2.21) lib/rails/rack/logger.rb:32:in `call_app'
  railties (3.2.21) lib/rails/rack/logger.rb:16:in `block in call'
  activesupport (3.2.21) lib/active_support/tagged_logging.rb:22:in `tagged'
  railties (3.2.21) lib/rails/rack/logger.rb:16:in `call'
  actionpack (3.2.21) lib/action_dispatch/middleware/request_id.rb:22:in `call'
  rack (1.4.7) lib/rack/methodoverride.rb:21:in `call'
  rack (1.4.7) lib/rack/runtime.rb:17:in `call'
  activesupport (3.2.21) lib/active_support/cache/strategy/local_cache.rb:72:in `call'
  rack (1.4.7) lib/rack/lock.rb:15:in `call'
  actionpack (3.2.21) lib/action_dispatch/middleware/static.rb:83:in `call'
  railties (3.2.21) lib/rails/engine.rb:484:in `call'
  railties (3.2.21) lib/rails/application.rb:231:in `call'
  rack (1.4.7) lib/rack/content_length.rb:14:in `call'
  railties (3.2.21) lib/rails/rack/log_tailer.rb:17:in `call'
  rack (1.4.7) lib/rack/handler/webrick.rb:59:in `service'
  /home/odroid/.rvm/rubies/ruby-2.2.1/lib/ruby/2.2.0/webrick/httpserver.rb:138:in `service'
  /home/odroid/.rvm/rubies/ruby-2.2.1/lib/ruby/2.2.0/webrick/httpserver.rb:94:in `run'
  /home/odroid/.rvm/rubies/ruby-2.2.1/lib/ruby/2.2.0/webrick/server.rb:294:in `block in start_thread'


  Rendered /home/odroid/.rvm/gems/ruby-2.2.1/gems/actionpack-3.2.21/lib/action_dispatch/middleware/templates/rescues/routing_error.erb within rescues/layout (2.5ms)
